2018-08-03 00:00:05,378 	 [DEBUG | Logger.py:31] > Logger generated successfully.
2018-08-03 00:00:05,378 	 [INFO | HospitalHome.py:11] > getHospitalName logger initilized
2018-08-03 00:00:05,430 	 [INFO | Models.py:46] >  getHospitalName logger intitlized
2018-08-03 00:00:05,861 	 [INFO | Models.py:151] > getHospitalRequestList called for emailID
2018-08-03 00:00:05,890 	 [INFO | Models.py:157] > Values Fetched Successfully
2018-08-03 00:00:05,985 	 [INFO | Models.py:109] > getHospitalDonorList logger initilized
2018-08-03 00:00:06,173 	 [INFO | Models.py:130] > getHospitalRecipientList logger initilized
2018-08-03 00:00:09,165 	 [INFO | HospitalHome.py:11] > getHospitalName logger initilized
2018-08-03 00:00:09,225 	 [INFO | Models.py:46] >  getHospitalName logger intitlized
2018-08-03 00:00:09,383 	 [INFO | Models.py:151] > getHospitalRequestList called for emailID
2018-08-03 00:00:09,439 	 [INFO | Models.py:157] > Values Fetched Successfully
2018-08-03 00:00:09,584 	 [INFO | Models.py:109] > getHospitalDonorList logger initilized
2018-08-03 00:00:09,706 	 [INFO | Models.py:130] > getHospitalRecipientList logger initilized
2018-08-03 00:00:10,107 	 [INFO | HospitalHome.py:11] > getHospitalName logger initilized
2018-08-03 00:00:10,177 	 [INFO | Models.py:46] >  getHospitalName logger intitlized
2018-08-03 00:00:12,178 	 [INFO | HospitalHome.py:11] > getHospitalName logger initilized
2018-08-03 00:00:22,119 	 [INFO | Models.py:46] >  getHospitalName logger intitlized
2018-08-03 00:00:40,089 	 [INFO | HospitalHome.py:11] > getHospitalName logger initilized
2018-08-03 00:00:43,986 	 [INFO | Models.py:46] >  getHospitalName logger intitlized
2018-08-03 00:00:54,009 	 [DEBUG | Logger.py:31] > Logger generated successfully.
2018-08-03 00:00:54,015 	 [INFO | HospitalHome.py:11] > getHospitalName logger initilized
2018-08-03 00:00:54,073 	 [INFO | Models.py:46] >  getHospitalName logger intitlized
2018-08-03 00:00:56,487 	 [INFO | HospitalHome.py:11] > getHospitalName logger initilized
2018-08-03 00:00:56,537 	 [INFO | Models.py:46] >  getHospitalName logger intitlized
2018-08-03 00:03:28,403 	 [DEBUG | Logger.py:31] > Logger generated successfully.
2018-08-03 00:03:33,002 	 [INFO | Models.py:12] > donorHospitalShowReceiverProfile logger initilized
2018-08-03 00:03:38,833 	 [INFO | Models.py:12] > donorHospitalShowReceiverProfile logger initilized
2018-08-03 00:05:07,346 	 [INFO | Models.py:12] > donorHospitalShowReceiverProfile logger initilized
2018-08-03 00:11:16,458 	 [DEBUG | Logger.py:31] > Logger generated successfully.
2018-08-03 00:34:03,163 	 [DEBUG | Logger.py:31] > Logger generated successfully.
2018-08-03 00:34:03,165 	 [INFO | HospitalHome.py:11] > getHospitalName logger initilized
2018-08-03 00:34:03,278 	 [INFO | Models.py:46] >  getHospitalName logger intitlized
2018-08-03 00:34:03,404 	 [INFO | Models.py:151] > getHospitalRequestList called for emailID
2018-08-03 00:34:03,447 	 [INFO | Models.py:157] > Values Fetched Successfully
2018-08-03 00:34:03,493 	 [INFO | Models.py:109] > getHospitalDonorList logger initilized
2018-08-03 00:34:03,562 	 [INFO | HospitalRecipientList.py:10] > getRecipientList logger initilized
2018-08-03 00:34:03,649 	 [INFO | Models.py:130] > getHospitalRecipientList logger initilized
2018-08-03 00:34:06,166 	 [INFO | HospitalHome.py:11] > getHospitalName logger initilized
2018-08-03 00:34:06,299 	 [INFO | Models.py:46] >  getHospitalName logger intitlized
2018-08-03 00:34:06,697 	 [INFO | Models.py:151] > getHospitalRequestList called for emailID
2018-08-03 00:34:06,843 	 [INFO | Models.py:157] > Values Fetched Successfully
2018-08-03 00:34:07,019 	 [INFO | Models.py:109] > getHospitalDonorList logger initilized
2018-08-03 00:34:07,154 	 [INFO | HospitalRecipientList.py:10] > getRecipientList logger initilized
2018-08-03 00:34:07,267 	 [INFO | Models.py:130] > getHospitalRecipientList logger initilized
2018-08-03 00:34:07,824 	 [INFO | HospitalHome.py:11] > getHospitalName logger initilized
2018-08-03 00:34:08,081 	 [INFO | Models.py:46] >  getHospitalName logger intitlized
2018-08-03 12:04:47,893 	 [DEBUG | Logger.py:31] > Logger generated successfully.
2018-08-03 12:04:54,732 	 [ERROR | Hospital.py:42] > Hospital iwk@gmail.com log in failed.
2018-08-03 12:04:54,733 	 [ERROR | HospitalViews.py:69] > User did not register
2018-08-03 12:05:02,121 	 [DEBUG | Hospital.py:39] > Hospital iwk@gmail.com logged in Successfully.
2018-08-03 12:05:02,122 	 [INFO | HospitalViews.py:66] > Logged in
2018-08-03 12:05:02,342 	 [INFO | HospitalHome.py:11] > getHospitalName logger initilized
2018-08-03 12:05:02,368 	 [INFO | Models.py:46] >  getHospitalName logger intitlized
2018-08-03 12:05:02,379 	 [INFO | HospitalRequestList.py:10] > getPendingRequestList logger initilized
2018-08-03 12:05:02,401 	 [INFO | Models.py:151] > getHospitalRequestList called for emailID
2018-08-03 12:05:02,415 	 [INFO | Models.py:157] > Values Fetched Successfully
2018-08-03 12:05:02,435 	 [INFO | Models.py:109] > getHospitalDonorList logger initilized
2018-08-03 12:05:02,492 	 [INFO | HospitalRecipientList.py:10] > getRecipientList logger initilized
2018-08-03 12:05:02,514 	 [INFO | Models.py:130] > getHospitalRecipientList logger initilized
2018-08-03 12:05:05,710 	 [INFO | HospitalHome.py:11] > getHospitalName logger initilized
2018-08-03 12:05:05,735 	 [INFO | Models.py:46] >  getHospitalName logger intitlized
2018-08-03 12:05:05,746 	 [INFO | HospitalRequestList.py:10] > getPendingRequestList logger initilized
2018-08-03 12:05:05,774 	 [INFO | Models.py:151] > getHospitalRequestList called for emailID
2018-08-03 12:05:05,792 	 [INFO | Models.py:157] > Values Fetched Successfully
2018-08-03 12:05:05,818 	 [INFO | Models.py:109] > getHospitalDonorList logger initilized
2018-08-03 12:05:05,852 	 [INFO | HospitalRecipientList.py:10] > getRecipientList logger initilized
2018-08-03 12:05:05,873 	 [INFO | Models.py:130] > getHospitalRecipientList logger initilized
2018-08-03 12:05:06,207 	 [INFO | HospitalHome.py:11] > getHospitalName logger initilized
2018-08-03 12:05:06,235 	 [INFO | Models.py:46] >  getHospitalName logger intitlized
2018-08-03 12:05:06,247 	 [INFO | HospitalRequestList.py:10] > getPendingRequestList logger initilized
2018-08-03 12:05:06,269 	 [INFO | Models.py:151] > getHospitalRequestList called for emailID
2018-08-03 12:05:06,283 	 [INFO | Models.py:157] > Values Fetched Successfully
2018-08-03 12:05:06,309 	 [INFO | Models.py:109] > getHospitalDonorList logger initilized
2018-08-03 12:05:06,321 	 [INFO | HospitalRecipientList.py:10] > getRecipientList logger initilized
2018-08-03 12:05:06,346 	 [INFO | Models.py:130] > getHospitalRecipientList logger initilized
2018-08-03 12:05:06,431 	 [INFO | HospitalHome.py:11] > getHospitalName logger initilized
2018-08-03 12:05:06,458 	 [INFO | Models.py:46] >  getHospitalName logger intitlized
2018-08-03 12:05:08,529 	 [INFO | HospitalHome.py:11] > getHospitalName logger initilized
2018-08-03 12:05:08,552 	 [INFO | Models.py:46] >  getHospitalName logger intitlized
2018-08-03 12:05:11,000 	 [INFO | HospitalHome.py:11] > getHospitalName logger initilized
2018-08-03 12:05:11,021 	 [INFO | Models.py:46] >  getHospitalName logger intitlized
2018-08-03 12:05:13,402 	 [INFO | HospitalHome.py:11] > getHospitalName logger initilized
2018-08-03 12:05:13,430 	 [INFO | Models.py:46] >  getHospitalName logger intitlized
2018-08-03 12:05:18,181 	 [INFO | Models.py:12] > donorHospitalShowReceiverProfile logger initilized
2018-08-03 12:05:20,246 	 [INFO | Models.py:12] > donorHospitalShowReceiverProfile logger initilized
2018-08-03 12:05:23,891 	 [INFO | Models.py:12] > donorHospitalShowReceiverProfile logger initilized
2018-08-03 12:05:27,951 	 [INFO | Models.py:12] > donorHospitalShowReceiverProfile logger initilized
2018-08-03 12:05:33,734 	 [INFO | HospitalHome.py:11] > getHospitalName logger initilized
2018-08-03 12:05:33,761 	 [INFO | Models.py:46] >  getHospitalName logger intitlized
2018-08-03 12:05:33,777 	 [INFO | HospitalRequestList.py:10] > getPendingRequestList logger initilized
2018-08-03 12:05:33,799 	 [INFO | Models.py:151] > getHospitalRequestList called for emailID
2018-08-03 12:05:33,811 	 [INFO | Models.py:157] > Values Fetched Successfully
2018-08-03 12:05:33,833 	 [INFO | Models.py:109] > getHospitalDonorList logger initilized
2018-08-03 12:05:33,851 	 [INFO | HospitalRecipientList.py:10] > getRecipientList logger initilized
2018-08-03 12:05:33,871 	 [INFO | Models.py:130] > getHospitalRecipientList logger initilized
2018-08-03 12:05:41,773 	 [INFO | HospitalHome.py:11] > getHospitalName logger initilized
2018-08-03 12:05:41,799 	 [INFO | Models.py:46] >  getHospitalName logger intitlized
2018-08-03 12:05:41,814 	 [INFO | HospitalRequestList.py:10] > getPendingRequestList logger initilized
2018-08-03 12:05:41,834 	 [INFO | Models.py:151] > getHospitalRequestList called for emailID
2018-08-03 12:05:41,849 	 [INFO | Models.py:157] > Values Fetched Successfully
2018-08-03 12:05:41,870 	 [INFO | Models.py:109] > getHospitalDonorList logger initilized
2018-08-03 12:05:41,882 	 [INFO | HospitalRecipientList.py:10] > getRecipientList logger initilized
2018-08-03 12:05:41,902 	 [INFO | Models.py:130] > getHospitalRecipientList logger initilized
2018-08-03 12:05:42,243 	 [INFO | HospitalHome.py:11] > getHospitalName logger initilized
2018-08-03 12:05:42,275 	 [INFO | Models.py:46] >  getHospitalName logger intitlized
2018-08-03 12:05:43,557 	 [INFO | HospitalHome.py:11] > getHospitalName logger initilized
2018-08-03 12:05:43,584 	 [INFO | Models.py:46] >  getHospitalName logger intitlized
2018-08-03 12:05:44,005 	 [INFO | Models.py:66] > receiverHospitalShowOrgan logger initilized
2018-08-03 12:05:44,041 	 [INFO | Models.py:51] > recommendedDonorList logger initilized
2018-08-03 12:05:45,947 	 [INFO | Models.py:66] > receiverHospitalShowOrgan logger initilized
2018-08-03 12:05:45,980 	 [INFO | Models.py:51] > recommendedDonorList logger initilized
2018-08-03 12:05:51,912 	 [INFO | HospitalHome.py:11] > getHospitalName logger initilized
2018-08-03 12:05:51,933 	 [INFO | Models.py:46] >  getHospitalName logger intitlized
2018-08-03 12:05:51,948 	 [INFO | HospitalRequestList.py:10] > getPendingRequestList logger initilized
2018-08-03 12:05:51,974 	 [INFO | Models.py:151] > getHospitalRequestList called for emailID
2018-08-03 12:05:51,990 	 [INFO | Models.py:157] > Values Fetched Successfully
2018-08-03 12:05:52,009 	 [INFO | Models.py:109] > getHospitalDonorList logger initilized
2018-08-03 12:05:52,024 	 [INFO | HospitalRecipientList.py:10] > getRecipientList logger initilized
2018-08-03 12:05:52,045 	 [INFO | Models.py:130] > getHospitalRecipientList logger initilized
2018-08-03 12:13:24,563 	 [DEBUG | Logger.py:31] > Logger generated successfully.
2018-08-03 12:13:24,564 	 [INFO | HospitalHome.py:11] > getHospitalName logger initilized
2018-08-03 12:13:24,597 	 [INFO | Models.py:46] >  getHospitalName logger intitlized
2018-08-03 12:13:24,607 	 [INFO | Models.py:53] >  getHospitalName DBconn closed
2018-08-03 12:13:24,607 	 [INFO | HospitalRequestList.py:10] > getPendingRequestList logger initilized
2018-08-03 12:13:24,630 	 [INFO | Models.py:155] > getHospitalRequestList called for emailID
2018-08-03 12:13:24,640 	 [INFO | Models.py:161] > Values Fetched Successfully
2018-08-03 12:13:24,679 	 [INFO | Models.py:113] > getHospitalDonorList logger initilized
2018-08-03 12:13:24,714 	 [INFO | HospitalRecipientList.py:10] > getRecipientList logger initilized
2018-08-03 12:13:24,758 	 [INFO | Models.py:134] > getHospitalRecipientList logger initilized
2018-08-03 12:13:26,359 	 [INFO | HospitalHome.py:11] > getHospitalName logger initilized
2018-08-03 12:13:26,380 	 [INFO | Models.py:46] >  getHospitalName logger intitlized
2018-08-03 12:13:26,392 	 [INFO | Models.py:53] >  getHospitalName DBconn closed
2018-08-03 12:13:26,392 	 [INFO | HospitalRequestList.py:10] > getPendingRequestList logger initilized
2018-08-03 12:13:26,417 	 [INFO | Models.py:155] > getHospitalRequestList called for emailID
2018-08-03 12:13:26,430 	 [INFO | Models.py:161] > Values Fetched Successfully
2018-08-03 12:13:26,452 	 [INFO | Models.py:113] > getHospitalDonorList logger initilized
2018-08-03 12:13:26,464 	 [INFO | HospitalRecipientList.py:10] > getRecipientList logger initilized
2018-08-03 12:13:26,486 	 [INFO | Models.py:134] > getHospitalRecipientList logger initilized
2018-08-03 12:13:26,511 	 [INFO | HospitalHome.py:11] > getHospitalName logger initilized
2018-08-03 12:13:26,535 	 [INFO | Models.py:46] >  getHospitalName logger intitlized
2018-08-03 12:13:26,546 	 [INFO | Models.py:53] >  getHospitalName DBconn closed
2018-08-03 12:13:26,547 	 [INFO | DonorListDetails.py:11] > getDonorsList logger initialized
2018-08-03 12:13:26,547 	 [INFO | Models.py:87] > getDonorList logger initialized
2018-08-03 12:13:26,587 	 [DEBUG | Models.py:94] > getDonorList DBconn closed
2018-08-03 12:13:28,045 	 [INFO | HospitalHome.py:11] > getHospitalName logger initilized
2018-08-03 12:13:28,076 	 [INFO | Models.py:46] >  getHospitalName logger intitlized
2018-08-03 12:13:28,093 	 [INFO | Models.py:53] >  getHospitalName DBconn closed
2018-08-03 12:13:28,093 	 [INFO | DonorListDetails.py:11] > getDonorsList logger initialized
2018-08-03 12:13:28,094 	 [INFO | Models.py:87] > getDonorList logger initialized
2018-08-03 12:13:28,134 	 [DEBUG | Models.py:94] > getDonorList DBconn closed
2018-08-03 12:13:28,295 	 [INFO | ShowDonorProfile.py:12] > getDonorProfile logger initilaized
2018-08-03 12:13:28,296 	 [INFO | Models.py:11] > donorHospitalShowDonorProfile logger initialized
2018-08-03 12:13:28,333 	 [INFO | Models.py:19] > donorHospitalShowDonorProfile DBconn closed
2018-08-03 12:13:28,333 	 [INFO | ShowDonorProfile.py:26] > getDonorOrgans logger initilaized
2018-08-03 12:13:28,334 	 [INFO | Models.py:36] > showDonorOrgan logger initialized
2018-08-03 12:13:28,368 	 [INFO | Models.py:46] > showDonorOrgan DBconn closed
2018-08-03 12:13:28,368 	 [INFO | ShowDonorRequestStatus.py:13] > getRequestsStatus logger initialized
2018-08-03 12:13:28,369 	 [INFO | Models.py:123] > getOpenRequestsStatus logger initialized
2018-08-03 12:13:28,410 	 [DEBUG | Models.py:131] > getOpenRequestsStatus DBconn closed
2018-08-03 12:13:29,544 	 [INFO | ShowDonorProfile.py:12] > getDonorProfile logger initilaized
2018-08-03 12:13:29,549 	 [INFO | Models.py:11] > donorHospitalShowDonorProfile logger initialized
2018-08-03 12:13:29,592 	 [INFO | Models.py:19] > donorHospitalShowDonorProfile DBconn closed
2018-08-03 12:13:29,592 	 [INFO | ShowDonorProfile.py:26] > getDonorOrgans logger initilaized
2018-08-03 12:13:29,593 	 [INFO | Models.py:36] > showDonorOrgan logger initialized
2018-08-03 12:13:29,628 	 [INFO | Models.py:46] > showDonorOrgan DBconn closed
2018-08-03 12:13:29,629 	 [INFO | ShowDonorRequestStatus.py:13] > getRequestsStatus logger initialized
2018-08-03 12:13:29,629 	 [INFO | Models.py:123] > getOpenRequestsStatus logger initialized
2018-08-03 12:13:29,668 	 [DEBUG | Models.py:131] > getOpenRequestsStatus DBconn closed
2018-08-03 12:13:29,991 	 [INFO | OpenRequestDetails.py:9] > getOpenRequestData logger initialized
2018-08-03 12:13:29,992 	 [INFO | Models.py:28] > organRequest logger initialized
2018-08-03 12:13:30,036 	 [INFO | Models.py:36] > getOpenRequestData DBconn Closed
2018-08-03 12:13:30,036 	 [INFO | Donor.py:11] > donorHospitalRequestPage logger initialized
2018-08-03 12:13:30,037 	 [INFO | Models.py:11] > donorHospitalShowDonorProfile logger initialized
2018-08-03 12:13:30,076 	 [INFO | Models.py:19] > donorHospitalShowDonorProfile DBconn closed
2018-08-03 12:13:30,076 	 [INFO | Recipient.py:11] > donorHospitalPageRecipientList logger initialized
2018-08-03 12:13:30,105 	 [INFO | Models.py:12] > donorHospitalShowReceiverProfile logger initilized
2018-08-03 12:13:50,321 	 [INFO | UserTypeFactory.py:14] > createObject logger initialized
2018-08-03 12:13:50,322 	 [INFO | Hospital.py:39] > login logger initilized
2018-08-03 12:13:50,357 	 [DEBUG | Hospital.py:43] > Hospital iwk@gmail.com logged in Successfully.
2018-08-03 12:13:50,359 	 [INFO | HospitalViews.py:66] > Logged in
2018-08-03 12:13:50,684 	 [INFO | HospitalHome.py:11] > getHospitalName logger initilized
2018-08-03 12:13:50,713 	 [INFO | Models.py:46] >  getHospitalName logger intitlized
2018-08-03 12:13:50,724 	 [INFO | Models.py:53] >  getHospitalName DBconn closed
2018-08-03 12:13:50,725 	 [INFO | HospitalRequestList.py:10] > getPendingRequestList logger initilized
2018-08-03 12:13:50,752 	 [INFO | Models.py:155] > getHospitalRequestList called for emailID
2018-08-03 12:13:50,767 	 [INFO | Models.py:161] > Values Fetched Successfully
2018-08-03 12:13:50,791 	 [INFO | Models.py:113] > getHospitalDonorList logger initilized
2018-08-03 12:13:50,807 	 [INFO | HospitalRecipientList.py:10] > getRecipientList logger initilized
2018-08-03 12:13:50,832 	 [INFO | Models.py:134] > getHospitalRecipientList logger initilized
2018-08-03 12:13:52,767 	 [INFO | HospitalHome.py:11] > getHospitalName logger initilized
2018-08-03 12:13:52,791 	 [INFO | Models.py:46] >  getHospitalName logger intitlized
2018-08-03 12:13:52,801 	 [INFO | Models.py:53] >  getHospitalName DBconn closed
2018-08-03 12:13:52,804 	 [INFO | HospitalRequestList.py:10] > getPendingRequestList logger initilized
2018-08-03 12:13:52,827 	 [INFO | Models.py:155] > getHospitalRequestList called for emailID
2018-08-03 12:13:52,839 	 [INFO | Models.py:161] > Values Fetched Successfully
2018-08-03 12:13:52,859 	 [INFO | Models.py:113] > getHospitalDonorList logger initilized
2018-08-03 12:13:52,872 	 [INFO | HospitalRecipientList.py:10] > getRecipientList logger initilized
2018-08-03 12:13:52,898 	 [INFO | Models.py:134] > getHospitalRecipientList logger initilized
2018-08-03 12:13:53,225 	 [INFO | HospitalHome.py:11] > getHospitalName logger initilized
2018-08-03 12:13:53,246 	 [INFO | Models.py:46] >  getHospitalName logger intitlized
2018-08-03 12:13:53,258 	 [INFO | Models.py:53] >  getHospitalName DBconn closed
2018-08-03 12:13:53,258 	 [INFO | RecipientListDetails.py:9] > RecipientListDetails logger initialized
2018-08-03 12:13:53,259 	 [INFO | Models.py:33] > getRecepientList logger initialized
2018-08-03 12:13:53,288 	 [DEBUG | Models.py:40] > getRecepientList DBconn closed
2018-08-03 12:13:53,948 	 [INFO | HospitalHome.py:11] > getHospitalName logger initilized
2018-08-03 12:13:53,977 	 [INFO | Models.py:46] >  getHospitalName logger intitlized
2018-08-03 12:13:53,991 	 [INFO | Models.py:53] >  getHospitalName DBconn closed
2018-08-03 12:13:53,992 	 [INFO | RecipientListDetails.py:9] > RecipientListDetails logger initialized
2018-08-03 12:13:53,993 	 [INFO | Models.py:33] > getRecepientList logger initialized
2018-08-03 12:13:54,027 	 [DEBUG | Models.py:40] > getRecepientList DBconn closed
2018-08-03 12:13:54,343 	 [INFO | ShowRecipientProfile.py:10] > getRecipientProfile logger initilaized
2018-08-03 12:13:54,343 	 [INFO | Models.py:52] > receiverHospitalShowProfile logger initialized
2018-08-03 12:13:54,378 	 [DEBUG | Models.py:60] > receiverHospitalShowProfile DBconn closed
2018-08-03 12:13:54,379 	 [INFO | ShowRecipientProfile.py:23] > getRecipientOrgans logger initilaized
2018-08-03 12:13:54,398 	 [INFO | Models.py:77] > receiverHospitalShowOrgan logger initilized
2018-08-03 12:13:54,409 	 [INFO | ShowRecommendedDonors.py:10] > getrecommendedDonorList logger initialized
2018-08-03 12:13:54,432 	 [INFO | Models.py:64] > recommendedDonorList logger initilized
2018-08-03 12:13:54,443 	 [DEBUG | Models.py:71] > recommendedDonorList DBconn closed
2018-08-03 12:14:12,569 	 [INFO | HospitalList.py:9] > getGlobalHospitalList logger initilized
2018-08-03 12:14:12,604 	 [INFO | Models.py:69] > getHospitalList logger initilized
2018-08-03 12:14:12,748 	 [INFO | Models.py:79] > getHospitalList DBConn Closed
2018-08-03 12:14:48,701 	 [INFO | HospitalList.py:9] > getGlobalHospitalList logger initilized
2018-08-03 12:14:48,723 	 [INFO | Models.py:69] > getHospitalList logger initilized
2018-08-03 12:14:48,820 	 [INFO | Models.py:79] > getHospitalList DBConn Closed
2018-08-03 12:14:48,821 	 [INFO | Register.py:14] > registerEntity logger initialized
2018-08-03 12:14:48,822 	 [INFO | UserTypeFactory.py:14] > createObject logger initialized
2018-08-03 12:14:49,114 	 [DEBUG | User.py:25] > User John registered Successfully.
2018-08-03 12:14:49,132 	 [INFO | HospitalHome.py:11] > getHospitalName logger initilized
2018-08-03 12:14:49,163 	 [INFO | Models.py:46] >  getHospitalName logger intitlized
2018-08-03 12:14:49,216 	 [INFO | Models.py:53] >  getHospitalName DBconn closed
2018-08-03 12:14:49,216 	 [INFO | HospitalRequestList.py:10] > getPendingRequestList logger initilized
2018-08-03 12:14:49,236 	 [INFO | Models.py:155] > getHospitalRequestList called for emailID
2018-08-03 12:14:49,246 	 [INFO | Models.py:161] > Values Fetched Successfully
2018-08-03 12:14:49,270 	 [INFO | Models.py:113] > getHospitalDonorList logger initilized
2018-08-03 12:14:49,309 	 [INFO | HospitalRecipientList.py:10] > getRecipientList logger initilized
2018-08-03 12:14:49,329 	 [INFO | Models.py:134] > getHospitalRecipientList logger initilized
2018-08-03 12:16:56,699 	 [DEBUG | Logger.py:31] > Logger generated successfully.
2018-08-03 12:16:56,703 	 [INFO | HospitalHome.py:11] > getHospitalName logger initilized
2018-08-03 12:16:56,729 	 [INFO | Models.py:46] >  getHospitalName logger intitlized
2018-08-03 12:16:56,743 	 [INFO | Models.py:53] >  getHospitalName DBconn closed
2018-08-03 12:16:56,743 	 [INFO | HospitalRequestList.py:10] > getPendingRequestList logger initilized
2018-08-03 12:16:56,766 	 [ERROR | Models.py:168] > 'HospitalModel' object has no attribute 'emailID'
2018-08-03 12:16:56,787 	 [INFO | Models.py:113] > getHospitalDonorList logger initilized
2018-08-03 12:16:56,800 	 [INFO | HospitalRecipientList.py:10] > getRecipientList logger initilized
2018-08-03 12:16:56,821 	 [INFO | Models.py:134] > getHospitalRecipientList logger initilized
2018-08-03 12:17:15,535 	 [DEBUG | Logger.py:31] > Logger generated successfully.
2018-08-03 12:17:15,536 	 [INFO | HospitalHome.py:11] > getHospitalName logger initilized
2018-08-03 12:17:15,558 	 [INFO | Models.py:46] >  getHospitalName logger intitlized
2018-08-03 12:17:15,570 	 [INFO | Models.py:53] >  getHospitalName DBconn closed
2018-08-03 12:17:15,570 	 [INFO | HospitalRequestList.py:10] > getPendingRequestList logger initilized
2018-08-03 12:17:15,594 	 [ERROR | Models.py:168] > 'HospitalModel' object has no attribute 'emailID'
2018-08-03 12:17:15,628 	 [INFO | Models.py:113] > getHospitalDonorList logger initilized
2018-08-03 12:17:15,642 	 [INFO | HospitalRecipientList.py:10] > getRecipientList logger initilized
2018-08-03 12:17:15,661 	 [INFO | Models.py:134] > getHospitalRecipientList logger initilized
2018-08-03 12:17:23,748 	 [INFO | HospitalHome.py:11] > getHospitalName logger initilized
2018-08-03 12:17:23,781 	 [INFO | Models.py:46] >  getHospitalName logger intitlized
2018-08-03 12:17:23,792 	 [INFO | Models.py:53] >  getHospitalName DBconn closed
2018-08-03 12:17:23,793 	 [INFO | HospitalRequestList.py:10] > getPendingRequestList logger initilized
2018-08-03 12:17:23,815 	 [ERROR | Models.py:168] > 'HospitalModel' object has no attribute 'emailID'
2018-08-03 12:17:23,839 	 [INFO | Models.py:113] > getHospitalDonorList logger initilized
2018-08-03 12:17:23,855 	 [INFO | HospitalRecipientList.py:10] > getRecipientList logger initilized
2018-08-03 12:17:23,876 	 [INFO | Models.py:134] > getHospitalRecipientList logger initilized
2018-08-03 12:17:26,052 	 [INFO | HospitalHome.py:11] > getHospitalName logger initilized
2018-08-03 12:17:26,072 	 [INFO | Models.py:46] >  getHospitalName logger intitlized
2018-08-03 12:17:26,085 	 [INFO | Models.py:53] >  getHospitalName DBconn closed
2018-08-03 12:17:26,085 	 [INFO | HospitalRequestList.py:10] > getPendingRequestList logger initilized
2018-08-03 12:17:26,105 	 [ERROR | Models.py:168] > 'HospitalModel' object has no attribute 'emailID'
2018-08-03 12:17:26,134 	 [INFO | Models.py:113] > getHospitalDonorList logger initilized
2018-08-03 12:17:26,150 	 [INFO | HospitalRecipientList.py:10] > getRecipientList logger initilized
2018-08-03 12:17:26,181 	 [INFO | Models.py:134] > getHospitalRecipientList logger initilized
2018-08-03 12:17:39,982 	 [DEBUG | Logger.py:31] > Logger generated successfully.
2018-08-03 12:17:39,983 	 [INFO | HospitalHome.py:11] > getHospitalName logger initilized
2018-08-03 12:17:40,007 	 [INFO | Models.py:46] >  getHospitalName logger intitlized
2018-08-03 12:17:40,017 	 [INFO | Models.py:53] >  getHospitalName DBconn closed
2018-08-03 12:17:40,018 	 [INFO | HospitalRequestList.py:10] > getPendingRequestList logger initilized
2018-08-03 12:17:40,037 	 [INFO | Models.py:155] > getHospitalRequestList called for emailID
2018-08-03 12:17:40,046 	 [INFO | Models.py:161] > Values Fetched Successfully
2018-08-03 12:17:40,067 	 [INFO | Models.py:113] > getHospitalDonorList logger initilized
2018-08-03 12:17:40,078 	 [INFO | HospitalRecipientList.py:10] > getRecipientList logger initilized
2018-08-03 12:17:40,098 	 [INFO | Models.py:134] > getHospitalRecipientList logger initilized
2018-08-03 12:17:57,162 	 [DEBUG | Logger.py:31] > Logger generated successfully.
2018-08-03 12:17:57,164 	 [INFO | HospitalHome.py:11] > getHospitalName logger initilized
2018-08-03 12:17:57,192 	 [INFO | Models.py:46] >  getHospitalName logger intitlized
2018-08-03 12:17:57,204 	 [INFO | Models.py:53] >  getHospitalName DBconn closed
2018-08-03 12:17:57,204 	 [INFO | HospitalRequestList.py:10] > getPendingRequestList logger initilized
2018-08-03 12:17:57,225 	 [INFO | Models.py:155] > getHospitalRequestList called for emailIDiwk@gmail.com!!
2018-08-03 12:17:57,239 	 [INFO | Models.py:161] > Values Fetched Successfully
2018-08-03 12:17:57,260 	 [INFO | Models.py:113] > getHospitalDonorList logger initilized
2018-08-03 12:17:57,276 	 [INFO | HospitalRecipientList.py:10] > getRecipientList logger initilized
2018-08-03 12:17:57,296 	 [INFO | Models.py:134] > getHospitalRecipientList logger initilized
2018-08-03 18:33:33,651 	 [DEBUG | Logger.py:31] > Logger generated successfully.
2018-08-03 18:48:56,514 	 [DEBUG | Logger.py:31] > Logger generated successfully.
2018-08-03 18:52:53,761 	 [DEBUG | Logger.py:31] > Logger generated successfully.
2018-08-03 18:53:08,735 	 [DEBUG | Logger.py:31] > Logger generated successfully.
2018-08-03 18:57:47,828 	 [DEBUG | Logger.py:31] > Logger generated successfully.
2018-08-03 19:00:04,274 	 [DEBUG | Logger.py:31] > Logger generated successfully.
2018-08-03 19:07:41,272 	 [DEBUG | Logger.py:31] > Logger generated successfully.
2018-08-03 19:23:18,909 	 [DEBUG | Logger.py:31] > Logger generated successfully.
2018-08-03 19:23:18,911 	 [INFO | HospitalHome.py:11] > getHospitalName logger initilized
2018-08-03 19:23:18,946 	 [INFO | Models.py:46] >  getHospitalName logger intitlized
2018-08-03 19:23:18,960 	 [INFO | Models.py:53] >  getHospitalName DBconn closed
2018-08-03 19:23:18,961 	 [INFO | HospitalRequestList.py:10] > getPendingRequestList logger initilized
2018-08-03 19:23:18,991 	 [INFO | Models.py:155] > getHospitalRequestList called for emailIDiwk@gmail.com!!
2018-08-03 19:23:19,004 	 [INFO | Models.py:161] > Values Fetched Successfully
2018-08-03 19:23:19,035 	 [INFO | Models.py:113] > getHospitalDonorList logger initilized
2018-08-03 19:23:19,047 	 [INFO | HospitalRecipientList.py:10] > getRecipientList logger initilized
2018-08-03 19:23:19,070 	 [INFO | Models.py:134] > getHospitalRecipientList logger initilized
2018-08-03 19:23:22,914 	 [INFO | HospitalHome.py:11] > getHospitalName logger initilized
2018-08-03 19:23:22,947 	 [INFO | Models.py:46] >  getHospitalName logger intitlized
2018-08-03 19:23:22,961 	 [INFO | Models.py:53] >  getHospitalName DBconn closed
2018-08-03 19:23:22,961 	 [INFO | HospitalRequestList.py:10] > getPendingRequestList logger initilized
2018-08-03 19:23:22,986 	 [INFO | Models.py:155] > getHospitalRequestList called for emailIDiwk@gmail.com!!
2018-08-03 19:23:22,997 	 [INFO | Models.py:161] > Values Fetched Successfully
2018-08-03 19:23:23,018 	 [INFO | Models.py:113] > getHospitalDonorList logger initilized
2018-08-03 19:23:23,029 	 [INFO | HospitalRecipientList.py:10] > getRecipientList logger initilized
2018-08-03 19:23:23,052 	 [INFO | Models.py:134] > getHospitalRecipientList logger initilized
2018-08-03 19:23:25,616 	 [INFO | HospitalHome.py:11] > getHospitalName logger initilized
2018-08-03 19:23:25,640 	 [INFO | Models.py:46] >  getHospitalName logger intitlized
2018-08-03 19:23:25,650 	 [INFO | Models.py:53] >  getHospitalName DBconn closed
2018-08-03 19:23:25,651 	 [INFO | HospitalRequestList.py:10] > getPendingRequestList logger initilized
2018-08-03 19:23:25,669 	 [INFO | Models.py:155] > getHospitalRequestList called for emailIDiwk@gmail.com!!
2018-08-03 19:23:25,679 	 [INFO | Models.py:161] > Values Fetched Successfully
2018-08-03 19:23:25,699 	 [INFO | Models.py:113] > getHospitalDonorList logger initilized
2018-08-03 19:23:25,714 	 [INFO | HospitalRecipientList.py:10] > getRecipientList logger initilized
2018-08-03 19:23:25,736 	 [INFO | Models.py:134] > getHospitalRecipientList logger initilized
2018-08-03 19:23:26,076 	 [INFO | OpenRequestDetails.py:9] > getOpenRequestData logger initialized
2018-08-03 19:23:26,077 	 [INFO | Models.py:28] > organRequest logger initialized
2018-08-03 19:23:26,140 	 [INFO | Models.py:36] > getOpenRequestData DBconn Closed
2018-08-03 19:23:26,142 	 [INFO | Donor.py:11] > donorHospitalRequestPage logger initialized
2018-08-03 19:23:26,145 	 [INFO | Models.py:11] > donorHospitalShowDonorProfile logger initialized
2018-08-03 19:23:26,513 	 [INFO | Models.py:19] > donorHospitalShowDonorProfile DBconn closed
2018-08-03 19:23:26,514 	 [INFO | Recipient.py:11] > donorHospitalPageRecipientList logger initialized
2018-08-03 19:23:26,602 	 [INFO | Models.py:12] > donorHospitalShowReceiverProfile logger initilized
2018-08-03 19:23:28,516 	 [INFO | HospitalHome.py:11] > getHospitalName logger initilized
2018-08-03 19:23:28,535 	 [INFO | Models.py:46] >  getHospitalName logger intitlized
2018-08-03 19:23:28,545 	 [INFO | Models.py:53] >  getHospitalName DBconn closed
2018-08-03 19:23:28,546 	 [INFO | HospitalRequestList.py:10] > getPendingRequestList logger initilized
2018-08-03 19:23:28,566 	 [INFO | Models.py:155] > getHospitalRequestList called for emailIDiwk@gmail.com!!
2018-08-03 19:23:28,576 	 [INFO | Models.py:161] > Values Fetched Successfully
2018-08-03 19:23:28,597 	 [INFO | Models.py:113] > getHospitalDonorList logger initilized
2018-08-03 19:23:28,607 	 [INFO | HospitalRecipientList.py:10] > getRecipientList logger initilized
2018-08-03 19:23:28,627 	 [INFO | Models.py:134] > getHospitalRecipientList logger initilized
2018-08-03 19:23:30,639 	 [INFO | HospitalHome.py:11] > getHospitalName logger initilized
2018-08-03 19:23:30,664 	 [INFO | Models.py:46] >  getHospitalName logger intitlized
2018-08-03 19:23:30,677 	 [INFO | Models.py:53] >  getHospitalName DBconn closed
2018-08-03 19:23:30,678 	 [INFO | HospitalRequestList.py:10] > getPendingRequestList logger initilized
2018-08-03 19:23:30,702 	 [INFO | Models.py:155] > getHospitalRequestList called for emailIDiwk@gmail.com!!
2018-08-03 19:23:30,718 	 [INFO | Models.py:161] > Values Fetched Successfully
2018-08-03 19:23:30,744 	 [INFO | Models.py:113] > getHospitalDonorList logger initilized
2018-08-03 19:23:30,761 	 [INFO | HospitalRecipientList.py:10] > getRecipientList logger initilized
2018-08-03 19:23:30,786 	 [INFO | Models.py:134] > getHospitalRecipientList logger initilized
2018-08-03 19:23:30,904 	 [INFO | HospitalHome.py:11] > getHospitalName logger initilized
2018-08-03 19:23:30,937 	 [INFO | Models.py:46] >  getHospitalName logger intitlized
2018-08-03 19:23:30,953 	 [INFO | Models.py:53] >  getHospitalName DBconn closed
2018-08-03 19:23:30,954 	 [INFO | RecipientListDetails.py:9] > RecipientListDetails logger initialized
2018-08-03 19:23:30,955 	 [INFO | Models.py:33] > getRecepientList logger initialized
2018-08-03 19:23:31,002 	 [DEBUG | Models.py:40] > getRecepientList DBconn closed
2018-08-03 19:23:33,933 	 [INFO | HospitalHome.py:11] > getHospitalName logger initilized
2018-08-03 19:23:33,952 	 [INFO | Models.py:46] >  getHospitalName logger intitlized
2018-08-03 19:23:33,963 	 [INFO | Models.py:53] >  getHospitalName DBconn closed
2018-08-03 19:23:33,963 	 [INFO | HospitalRequestList.py:10] > getPendingRequestList logger initilized
2018-08-03 19:23:33,993 	 [INFO | Models.py:155] > getHospitalRequestList called for emailIDiwk@gmail.com!!
2018-08-03 19:23:34,005 	 [INFO | Models.py:161] > Values Fetched Successfully
2018-08-03 19:23:34,025 	 [INFO | Models.py:113] > getHospitalDonorList logger initilized
2018-08-03 19:23:34,035 	 [INFO | HospitalRecipientList.py:10] > getRecipientList logger initilized
2018-08-03 19:23:34,054 	 [INFO | Models.py:134] > getHospitalRecipientList logger initilized
2018-08-03 19:23:35,911 	 [INFO | HospitalHome.py:11] > getHospitalName logger initilized
2018-08-03 19:23:35,934 	 [INFO | Models.py:46] >  getHospitalName logger intitlized
2018-08-03 19:23:35,946 	 [INFO | Models.py:53] >  getHospitalName DBconn closed
2018-08-03 19:23:35,947 	 [INFO | HospitalRequestList.py:10] > getPendingRequestList logger initilized
2018-08-03 19:23:35,971 	 [INFO | Models.py:155] > getHospitalRequestList called for emailIDiwk@gmail.com!!
2018-08-03 19:23:35,988 	 [INFO | Models.py:161] > Values Fetched Successfully
2018-08-03 19:23:36,012 	 [INFO | Models.py:113] > getHospitalDonorList logger initilized
2018-08-03 19:23:36,025 	 [INFO | HospitalRecipientList.py:10] > getRecipientList logger initilized
2018-08-03 19:23:36,048 	 [INFO | Models.py:134] > getHospitalRecipientList logger initilized
2018-08-03 19:23:36,174 	 [INFO | HospitalHome.py:11] > getHospitalName logger initilized
2018-08-03 19:23:36,204 	 [INFO | Models.py:46] >  getHospitalName logger intitlized
2018-08-03 19:23:36,220 	 [INFO | Models.py:53] >  getHospitalName DBconn closed
2018-08-03 19:23:36,221 	 [INFO | DonorListDetails.py:11] > getDonorsList logger initialized
2018-08-03 19:23:36,225 	 [INFO | Models.py:87] > getDonorList logger initialized
2018-08-03 19:23:36,266 	 [DEBUG | Models.py:94] > getDonorList DBconn closed
2018-08-03 19:23:38,198 	 [INFO | HospitalHome.py:11] > getHospitalName logger initilized
2018-08-03 19:23:38,220 	 [INFO | Models.py:46] >  getHospitalName logger intitlized
2018-08-03 19:23:38,230 	 [INFO | Models.py:53] >  getHospitalName DBconn closed
2018-08-03 19:23:38,231 	 [INFO | DonorListDetails.py:11] > getDonorsList logger initialized
2018-08-03 19:23:38,231 	 [INFO | Models.py:87] > getDonorList logger initialized
2018-08-03 19:23:38,264 	 [DEBUG | Models.py:94] > getDonorList DBconn closed
2018-08-03 19:23:38,589 	 [INFO | ShowDonorProfile.py:12] > getDonorProfile logger initilaized
2018-08-03 19:23:38,590 	 [INFO | Models.py:11] > donorHospitalShowDonorProfile logger initialized
2018-08-03 19:23:38,746 	 [INFO | Models.py:19] > donorHospitalShowDonorProfile DBconn closed
2018-08-03 19:23:38,746 	 [INFO | ShowDonorProfile.py:26] > getDonorOrgans logger initilaized
2018-08-03 19:23:38,747 	 [INFO | Models.py:36] > showDonorOrgan logger initialized
2018-08-03 19:23:38,783 	 [INFO | Models.py:46] > showDonorOrgan DBconn closed
2018-08-03 19:23:38,783 	 [INFO | ShowDonorRequestStatus.py:13] > getRequestsStatus logger initialized
2018-08-03 19:23:38,784 	 [INFO | Models.py:123] > getOpenRequestsStatus logger initialized
2018-08-03 19:23:38,822 	 [DEBUG | Models.py:131] > getOpenRequestsStatus DBconn closed
2018-08-03 19:23:41,291 	 [INFO | ShowDonorProfile.py:12] > getDonorProfile logger initilaized
2018-08-03 19:23:41,293 	 [INFO | Models.py:11] > donorHospitalShowDonorProfile logger initialized
2018-08-03 19:23:41,413 	 [INFO | Models.py:19] > donorHospitalShowDonorProfile DBconn closed
2018-08-03 19:23:41,413 	 [INFO | ShowDonorProfile.py:26] > getDonorOrgans logger initilaized
2018-08-03 19:23:41,414 	 [INFO | Models.py:36] > showDonorOrgan logger initialized
2018-08-03 19:23:41,448 	 [INFO | Models.py:46] > showDonorOrgan DBconn closed
2018-08-03 19:23:41,448 	 [INFO | ShowDonorRequestStatus.py:13] > getRequestsStatus logger initialized
2018-08-03 19:23:41,449 	 [INFO | Models.py:123] > getOpenRequestsStatus logger initialized
2018-08-03 19:23:41,485 	 [DEBUG | Models.py:131] > getOpenRequestsStatus DBconn closed
2018-08-03 19:23:41,810 	 [INFO | OpenRequestDetails.py:9] > getOpenRequestData logger initialized
2018-08-03 19:23:41,811 	 [INFO | Models.py:28] > organRequest logger initialized
2018-08-03 19:23:41,854 	 [INFO | Models.py:36] > getOpenRequestData DBconn Closed
2018-08-03 19:23:41,855 	 [INFO | Donor.py:11] > donorHospitalRequestPage logger initialized
2018-08-03 19:23:41,858 	 [INFO | Models.py:11] > donorHospitalShowDonorProfile logger initialized
2018-08-03 19:23:41,998 	 [INFO | Models.py:19] > donorHospitalShowDonorProfile DBconn closed
2018-08-03 19:23:41,999 	 [INFO | Recipient.py:11] > donorHospitalPageRecipientList logger initialized
2018-08-03 19:23:42,020 	 [INFO | Models.py:12] > donorHospitalShowReceiverProfile logger initilized
2018-08-03 19:23:44,489 	 [INFO | ShowDonorProfile.py:12] > getDonorProfile logger initilaized
2018-08-03 19:23:44,490 	 [INFO | Models.py:11] > donorHospitalShowDonorProfile logger initialized
2018-08-03 19:23:44,804 	 [INFO | Models.py:19] > donorHospitalShowDonorProfile DBconn closed
2018-08-03 19:23:44,804 	 [INFO | ShowDonorProfile.py:26] > getDonorOrgans logger initilaized
2018-08-03 19:23:44,807 	 [INFO | Models.py:36] > showDonorOrgan logger initialized
2018-08-03 19:23:44,844 	 [INFO | Models.py:46] > showDonorOrgan DBconn closed
2018-08-03 19:23:44,844 	 [INFO | ShowDonorRequestStatus.py:13] > getRequestsStatus logger initialized
2018-08-03 19:23:44,845 	 [INFO | Models.py:123] > getOpenRequestsStatus logger initialized
2018-08-03 19:23:44,877 	 [DEBUG | Models.py:131] > getOpenRequestsStatus DBconn closed
2018-08-03 19:23:45,555 	 [INFO | HospitalHome.py:11] > getHospitalName logger initilized
2018-08-03 19:23:45,586 	 [INFO | Models.py:46] >  getHospitalName logger intitlized
2018-08-03 19:23:45,605 	 [INFO | Models.py:53] >  getHospitalName DBconn closed
2018-08-03 19:23:45,606 	 [INFO | DonorListDetails.py:11] > getDonorsList logger initialized
2018-08-03 19:23:45,609 	 [INFO | Models.py:87] > getDonorList logger initialized
2018-08-03 19:23:45,719 	 [DEBUG | Models.py:94] > getDonorList DBconn closed
2018-08-03 19:23:46,313 	 [INFO | HospitalHome.py:11] > getHospitalName logger initilized
2018-08-03 19:23:46,333 	 [INFO | Models.py:46] >  getHospitalName logger intitlized
2018-08-03 19:23:46,345 	 [INFO | Models.py:53] >  getHospitalName DBconn closed
2018-08-03 19:23:46,346 	 [INFO | HospitalRequestList.py:10] > getPendingRequestList logger initilized
2018-08-03 19:23:46,366 	 [INFO | Models.py:155] > getHospitalRequestList called for emailIDiwk@gmail.com!!
2018-08-03 19:23:46,378 	 [INFO | Models.py:161] > Values Fetched Successfully
2018-08-03 19:23:46,399 	 [INFO | Models.py:113] > getHospitalDonorList logger initilized
2018-08-03 19:23:46,410 	 [INFO | HospitalRecipientList.py:10] > getRecipientList logger initilized
2018-08-03 19:23:46,430 	 [INFO | Models.py:134] > getHospitalRecipientList logger initilized
2018-08-03 19:26:51,682 	 [INFO | HospitalViews.py:141] > Logging logpout
2018-08-03 19:27:01,788 	 [INFO | UserTypeFactory.py:14] > createObject logger initialized
2018-08-03 19:27:01,788 	 [INFO | Hospital.py:39] > login logger initilized
2018-08-03 19:27:01,826 	 [DEBUG | Hospital.py:43] > Hospital iwk@gmail.com logged in Successfully.
2018-08-03 19:27:01,826 	 [INFO | HospitalViews.py:66] > Logged in
2018-08-03 19:27:02,154 	 [INFO | HospitalHome.py:11] > getHospitalName logger initilized
2018-08-03 19:27:02,182 	 [INFO | Models.py:46] >  getHospitalName logger intitlized
2018-08-03 19:27:02,197 	 [INFO | Models.py:53] >  getHospitalName DBconn closed
2018-08-03 19:27:02,198 	 [INFO | HospitalRequestList.py:10] > getPendingRequestList logger initilized
2018-08-03 19:27:02,225 	 [INFO | Models.py:155] > getHospitalRequestList called for emailIDiwk@gmail.com!!
2018-08-03 19:27:02,239 	 [INFO | Models.py:161] > Values Fetched Successfully
2018-08-03 19:27:02,261 	 [INFO | Models.py:113] > getHospitalDonorList logger initilized
2018-08-03 19:27:02,276 	 [INFO | HospitalRecipientList.py:10] > getRecipientList logger initilized
2018-08-03 19:27:02,301 	 [INFO | Models.py:134] > getHospitalRecipientList logger initilized
2018-08-03 19:27:14,433 	 [INFO | HospitalHome.py:11] > getHospitalName logger initilized
2018-08-03 19:27:14,459 	 [INFO | Models.py:46] >  getHospitalName logger intitlized
2018-08-03 19:27:14,474 	 [INFO | Models.py:53] >  getHospitalName DBconn closed
2018-08-03 19:27:14,475 	 [INFO | HospitalRequestList.py:10] > getPendingRequestList logger initilized
2018-08-03 19:27:14,500 	 [INFO | Models.py:155] > getHospitalRequestList called for emailIDiwk@gmail.com!!
2018-08-03 19:27:14,514 	 [INFO | Models.py:161] > Values Fetched Successfully
2018-08-03 19:27:14,540 	 [INFO | Models.py:113] > getHospitalDonorList logger initilized
2018-08-03 19:27:14,554 	 [INFO | HospitalRecipientList.py:10] > getRecipientList logger initilized
2018-08-03 19:27:14,579 	 [INFO | Models.py:134] > getHospitalRecipientList logger initilized
2018-08-03 19:27:14,691 	 [INFO | HospitalHome.py:11] > getHospitalName logger initilized
2018-08-03 19:27:14,720 	 [INFO | Models.py:46] >  getHospitalName logger intitlized
2018-08-03 19:27:14,732 	 [INFO | Models.py:53] >  getHospitalName DBconn closed
2018-08-03 19:27:14,732 	 [INFO | HospitalRecipientList.py:10] > getRecipientList logger initilized
2018-08-03 19:27:14,758 	 [INFO | Models.py:134] > getHospitalRecipientList logger initilized
2018-08-03 19:27:17,148 	 [INFO | HospitalHome.py:11] > getHospitalName logger initilized
2018-08-03 19:27:17,170 	 [INFO | Models.py:46] >  getHospitalName logger intitlized
2018-08-03 19:27:17,181 	 [INFO | Models.py:53] >  getHospitalName DBconn closed
2018-08-03 19:27:17,182 	 [INFO | HospitalRecipientList.py:10] > getRecipientList logger initilized
2018-08-03 19:27:17,201 	 [INFO | Models.py:134] > getHospitalRecipientList logger initilized
2018-08-03 19:27:17,212 	 [INFO | Recipient.py:11] > donorHospitalPageRecipientList logger initialized
2018-08-03 19:27:17,231 	 [INFO | Models.py:12] > donorHospitalShowReceiverProfile logger initilized
2018-08-03 19:27:17,242 	 [INFO | ShowRecipientProfile.py:23] > getRecipientOrgans logger initilaized
2018-08-03 19:27:17,264 	 [INFO | Models.py:77] > receiverHospitalShowOrgan logger initilized
2018-08-03 19:27:17,275 	 [INFO | ShowRecommendedDonors.py:10] > getrecommendedDonorList logger initialized
2018-08-03 19:27:17,295 	 [INFO | Models.py:64] > recommendedDonorList logger initilized
2018-08-03 19:27:17,309 	 [DEBUG | Models.py:71] > recommendedDonorList DBconn closed
2018-08-03 19:27:18,733 	 [INFO | HospitalHome.py:11] > getHospitalName logger initilized
2018-08-03 19:27:18,776 	 [INFO | Models.py:46] >  getHospitalName logger intitlized
2018-08-03 19:27:18,798 	 [INFO | Models.py:53] >  getHospitalName DBconn closed
2018-08-03 19:27:18,800 	 [INFO | HospitalRecipientList.py:10] > getRecipientList logger initilized
2018-08-03 19:27:18,826 	 [INFO | Models.py:134] > getHospitalRecipientList logger initilized
2018-08-03 19:27:18,842 	 [INFO | Recipient.py:11] > donorHospitalPageRecipientList logger initialized
2018-08-03 19:27:18,872 	 [INFO | Models.py:12] > donorHospitalShowReceiverProfile logger initilized
2018-08-03 19:27:18,889 	 [INFO | ShowRecipientProfile.py:23] > getRecipientOrgans logger initilaized
2018-08-03 19:27:18,920 	 [INFO | Models.py:77] > receiverHospitalShowOrgan logger initilized
2018-08-03 19:27:18,940 	 [INFO | ShowRecommendedDonors.py:10] > getrecommendedDonorList logger initialized
2018-08-03 19:27:18,965 	 [INFO | Models.py:64] > recommendedDonorList logger initilized
2018-08-03 19:27:18,979 	 [DEBUG | Models.py:71] > recommendedDonorList DBconn closed
2018-08-03 19:27:20,005 	 [INFO | HospitalHome.py:11] > getHospitalName logger initilized
2018-08-03 19:27:20,027 	 [INFO | Models.py:46] >  getHospitalName logger intitlized
2018-08-03 19:27:20,040 	 [INFO | Models.py:53] >  getHospitalName DBconn closed
2018-08-03 19:27:20,041 	 [INFO | HospitalRecipientList.py:10] > getRecipientList logger initilized
2018-08-03 19:27:20,061 	 [INFO | Models.py:134] > getHospitalRecipientList logger initilized
2018-08-03 19:27:20,072 	 [INFO | Recipient.py:11] > donorHospitalPageRecipientList logger initialized
2018-08-03 19:27:20,093 	 [INFO | Models.py:12] > donorHospitalShowReceiverProfile logger initilized
2018-08-03 19:27:20,104 	 [INFO | ShowRecipientProfile.py:23] > getRecipientOrgans logger initilaized
2018-08-03 19:27:20,125 	 [INFO | Models.py:77] > receiverHospitalShowOrgan logger initilized
2018-08-03 19:27:20,140 	 [INFO | ShowRecommendedDonors.py:10] > getrecommendedDonorList logger initialized
2018-08-03 19:27:20,161 	 [INFO | Models.py:64] > recommendedDonorList logger initilized
2018-08-03 19:27:20,172 	 [DEBUG | Models.py:71] > recommendedDonorList DBconn closed
2018-08-03 19:27:23,855 	 [INFO | HospitalHome.py:11] > getHospitalName logger initilized
2018-08-03 19:27:23,887 	 [INFO | Models.py:46] >  getHospitalName logger intitlized
2018-08-03 19:27:23,906 	 [INFO | Models.py:53] >  getHospitalName DBconn closed
2018-08-03 19:27:23,907 	 [INFO | HospitalRequestList.py:10] > getPendingRequestList logger initilized
2018-08-03 19:27:23,943 	 [INFO | Models.py:155] > getHospitalRequestList called for emailIDiwk@gmail.com!!
2018-08-03 19:27:23,963 	 [INFO | Models.py:161] > Values Fetched Successfully
2018-08-03 19:27:23,996 	 [INFO | Models.py:113] > getHospitalDonorList logger initilized
2018-08-03 19:27:24,015 	 [INFO | HospitalRecipientList.py:10] > getRecipientList logger initilized
2018-08-03 19:27:24,040 	 [INFO | Models.py:134] > getHospitalRecipientList logger initilized
2018-08-03 19:27:25,826 	 [INFO | HospitalHome.py:11] > getHospitalName logger initilized
2018-08-03 19:27:25,846 	 [INFO | Models.py:46] >  getHospitalName logger intitlized
2018-08-03 19:27:25,856 	 [INFO | Models.py:53] >  getHospitalName DBconn closed
2018-08-03 19:27:25,857 	 [INFO | HospitalRequestList.py:10] > getPendingRequestList logger initilized
2018-08-03 19:27:25,876 	 [INFO | Models.py:155] > getHospitalRequestList called for emailIDiwk@gmail.com!!
2018-08-03 19:27:25,887 	 [INFO | Models.py:161] > Values Fetched Successfully
2018-08-03 19:27:25,909 	 [INFO | Models.py:113] > getHospitalDonorList logger initilized
2018-08-03 19:27:25,920 	 [INFO | HospitalRecipientList.py:10] > getRecipientList logger initilized
2018-08-03 19:27:25,942 	 [INFO | Models.py:134] > getHospitalRecipientList logger initilized
2018-08-03 19:27:26,279 	 [INFO | OpenRequestDetails.py:9] > getOpenRequestData logger initialized
2018-08-03 19:27:26,280 	 [INFO | Models.py:28] > organRequest logger initialized
2018-08-03 19:27:26,323 	 [INFO | Models.py:36] > getOpenRequestData DBconn Closed
2018-08-03 19:27:26,324 	 [INFO | Donor.py:11] > donorHospitalRequestPage logger initialized
2018-08-03 19:27:26,326 	 [INFO | Models.py:11] > donorHospitalShowDonorProfile logger initialized
2018-08-03 19:27:26,369 	 [INFO | Models.py:19] > donorHospitalShowDonorProfile DBconn closed
2018-08-03 19:27:26,370 	 [INFO | Recipient.py:11] > donorHospitalPageRecipientList logger initialized
2018-08-03 19:27:26,399 	 [INFO | Models.py:12] > donorHospitalShowReceiverProfile logger initilized
2018-08-03 19:27:30,059 	 [INFO | OpenRequestDetails.py:9] > getOpenRequestData logger initialized
2018-08-03 19:27:30,060 	 [INFO | Models.py:28] > organRequest logger initialized
2018-08-03 19:27:30,098 	 [INFO | Models.py:36] > getOpenRequestData DBconn Closed
2018-08-03 19:27:30,098 	 [INFO | Donor.py:11] > donorHospitalRequestPage logger initialized
2018-08-03 19:27:30,098 	 [INFO | Models.py:11] > donorHospitalShowDonorProfile logger initialized
2018-08-03 19:27:30,132 	 [INFO | Models.py:19] > donorHospitalShowDonorProfile DBconn closed
2018-08-03 19:27:30,133 	 [INFO | Recipient.py:11] > donorHospitalPageRecipientList logger initialized
2018-08-03 19:27:30,152 	 [INFO | Models.py:12] > donorHospitalShowReceiverProfile logger initilized
2018-08-03 19:27:30,164 	 [INFO | ViewUserReports.py:11] > viewReports logger initialized
2018-08-03 19:27:30,165 	 [INFO | Models.py:51] > getReports logger initialized
2018-08-03 19:27:30,236 	 [DEBUG | Models.py:59] > getReports DBconn closed
2018-08-03 19:27:32,407 	 [INFO | OpenRequestDetails.py:9] > getOpenRequestData logger initialized
2018-08-03 19:27:32,408 	 [INFO | Models.py:28] > organRequest logger initialized
2018-08-03 19:27:32,589 	 [INFO | Models.py:36] > getOpenRequestData DBconn Closed
2018-08-03 19:27:32,590 	 [INFO | Donor.py:11] > donorHospitalRequestPage logger initialized
2018-08-03 19:27:32,591 	 [INFO | Models.py:11] > donorHospitalShowDonorProfile logger initialized
2018-08-03 19:27:32,628 	 [INFO | Models.py:19] > donorHospitalShowDonorProfile DBconn closed
2018-08-03 19:27:32,629 	 [INFO | Recipient.py:11] > donorHospitalPageRecipientList logger initialized
2018-08-03 19:27:32,653 	 [INFO | Models.py:12] > donorHospitalShowReceiverProfile logger initilized
2018-08-03 19:27:38,722 	 [INFO | HospitalHome.py:11] > getHospitalName logger initilized
2018-08-03 19:27:38,742 	 [INFO | Models.py:46] >  getHospitalName logger intitlized
2018-08-03 19:27:38,770 	 [INFO | Models.py:53] >  getHospitalName DBconn closed
2018-08-03 19:27:38,771 	 [INFO | HospitalRequestList.py:10] > getPendingRequestList logger initilized
2018-08-03 19:27:38,832 	 [INFO | Models.py:155] > getHospitalRequestList called for emailIDiwk@gmail.com!!
2018-08-03 19:27:38,853 	 [INFO | Models.py:161] > Values Fetched Successfully
2018-08-03 19:27:38,895 	 [INFO | Models.py:113] > getHospitalDonorList logger initilized
2018-08-03 19:27:38,908 	 [INFO | HospitalRecipientList.py:10] > getRecipientList logger initilized
2018-08-03 19:27:38,940 	 [INFO | Models.py:134] > getHospitalRecipientList logger initilized
2018-08-03 19:27:40,564 	 [INFO | HospitalHome.py:11] > getHospitalName logger initilized
2018-08-03 19:27:40,648 	 [INFO | Models.py:46] >  getHospitalName logger intitlized
2018-08-03 19:27:40,694 	 [INFO | Models.py:53] >  getHospitalName DBconn closed
2018-08-03 19:27:40,694 	 [INFO | HospitalRequestList.py:10] > getPendingRequestList logger initilized
2018-08-03 19:27:40,734 	 [INFO | Models.py:155] > getHospitalRequestList called for emailIDiwk@gmail.com!!
2018-08-03 19:27:40,751 	 [INFO | Models.py:161] > Values Fetched Successfully
2018-08-03 19:27:40,772 	 [INFO | Models.py:113] > getHospitalDonorList logger initilized
2018-08-03 19:27:40,783 	 [INFO | HospitalRecipientList.py:10] > getRecipientList logger initilized
2018-08-03 19:27:40,803 	 [INFO | Models.py:134] > getHospitalRecipientList logger initilized
2018-08-03 19:27:40,823 	 [INFO | HospitalHome.py:11] > getHospitalName logger initilized
2018-08-03 19:27:40,843 	 [INFO | Models.py:46] >  getHospitalName logger intitlized
2018-08-03 19:27:40,861 	 [INFO | Models.py:53] >  getHospitalName DBconn closed
2018-08-03 19:27:40,861 	 [INFO | DonorListDetails.py:11] > getDonorsList logger initialized
2018-08-03 19:27:40,865 	 [INFO | Models.py:87] > getDonorList logger initialized
2018-08-03 19:27:41,030 	 [DEBUG | Models.py:94] > getDonorList DBconn closed
2018-08-03 19:27:42,859 	 [INFO | HospitalHome.py:11] > getHospitalName logger initilized
2018-08-03 19:27:42,891 	 [INFO | Models.py:46] >  getHospitalName logger intitlized
2018-08-03 19:27:42,907 	 [INFO | Models.py:53] >  getHospitalName DBconn closed
2018-08-03 19:27:42,908 	 [INFO | DonorListDetails.py:11] > getDonorsList logger initialized
2018-08-03 19:27:42,909 	 [INFO | Models.py:87] > getDonorList logger initialized
2018-08-03 19:27:42,955 	 [DEBUG | Models.py:94] > getDonorList DBconn closed
2018-08-03 19:27:43,121 	 [INFO | ShowDonorProfile.py:12] > getDonorProfile logger initilaized
2018-08-03 19:27:43,122 	 [INFO | Models.py:11] > donorHospitalShowDonorProfile logger initialized
2018-08-03 19:27:43,160 	 [INFO | Models.py:19] > donorHospitalShowDonorProfile DBconn closed
2018-08-03 19:27:43,161 	 [INFO | ShowDonorProfile.py:26] > getDonorOrgans logger initilaized
2018-08-03 19:27:43,163 	 [INFO | Models.py:36] > showDonorOrgan logger initialized
2018-08-03 19:27:43,197 	 [INFO | Models.py:46] > showDonorOrgan DBconn closed
2018-08-03 19:27:43,198 	 [INFO | ShowDonorRequestStatus.py:13] > getRequestsStatus logger initialized
2018-08-03 19:27:43,199 	 [INFO | Models.py:123] > getOpenRequestsStatus logger initialized
2018-08-03 19:27:43,237 	 [DEBUG | Models.py:131] > getOpenRequestsStatus DBconn closed
2018-08-03 19:27:45,896 	 [INFO | HospitalHome.py:11] > getHospitalName logger initilized
2018-08-03 19:27:45,997 	 [INFO | Models.py:46] >  getHospitalName logger intitlized
2018-08-03 19:27:46,057 	 [INFO | Models.py:53] >  getHospitalName DBconn closed
2018-08-03 19:27:46,058 	 [INFO | HospitalRequestList.py:10] > getPendingRequestList logger initilized
2018-08-03 19:27:46,159 	 [INFO | Models.py:155] > getHospitalRequestList called for emailIDiwk@gmail.com!!
2018-08-03 19:27:46,231 	 [INFO | Models.py:161] > Values Fetched Successfully
2018-08-03 19:27:46,283 	 [INFO | Models.py:113] > getHospitalDonorList logger initilized
2018-08-03 19:27:46,300 	 [INFO | HospitalRecipientList.py:10] > getRecipientList logger initilized
2018-08-03 19:27:46,326 	 [INFO | Models.py:134] > getHospitalRecipientList logger initilized
2018-08-03 19:27:48,365 	 [INFO | HospitalHome.py:11] > getHospitalName logger initilized
2018-08-03 19:27:48,396 	 [INFO | Models.py:46] >  getHospitalName logger intitlized
2018-08-03 19:27:48,419 	 [INFO | Models.py:53] >  getHospitalName DBconn closed
2018-08-03 19:27:48,420 	 [INFO | HospitalRequestList.py:10] > getPendingRequestList logger initilized
2018-08-03 19:27:48,464 	 [INFO | Models.py:155] > getHospitalRequestList called for emailIDiwk@gmail.com!!
2018-08-03 19:27:48,487 	 [INFO | Models.py:161] > Values Fetched Successfully
2018-08-03 19:27:48,528 	 [INFO | Models.py:113] > getHospitalDonorList logger initilized
2018-08-03 19:27:48,553 	 [INFO | HospitalRecipientList.py:10] > getRecipientList logger initilized
2018-08-03 19:27:48,595 	 [INFO | Models.py:134] > getHospitalRecipientList logger initilized
2018-08-03 19:27:48,639 	 [INFO | HospitalHome.py:11] > getHospitalName logger initilized
2018-08-03 19:27:48,671 	 [INFO | Models.py:46] >  getHospitalName logger intitlized
2018-08-03 19:27:48,687 	 [INFO | Models.py:53] >  getHospitalName DBconn closed
2018-08-03 19:27:48,688 	 [INFO | RecipientListDetails.py:9] > RecipientListDetails logger initialized
2018-08-03 19:27:48,690 	 [INFO | Models.py:33] > getRecepientList logger initialized
2018-08-03 19:27:48,741 	 [DEBUG | Models.py:40] > getRecepientList DBconn closed
2018-08-03 19:27:50,774 	 [INFO | HospitalHome.py:11] > getHospitalName logger initilized
2018-08-03 19:27:50,869 	 [INFO | Models.py:46] >  getHospitalName logger intitlized
2018-08-03 19:27:50,898 	 [INFO | Models.py:53] >  getHospitalName DBconn closed
2018-08-03 19:27:50,899 	 [INFO | RecipientListDetails.py:9] > RecipientListDetails logger initialized
2018-08-03 19:27:50,902 	 [INFO | Models.py:33] > getRecepientList logger initialized
2018-08-03 19:27:51,019 	 [DEBUG | Models.py:40] > getRecepientList DBconn closed
2018-08-03 19:27:51,044 	 [INFO | ShowRecipientProfile.py:10] > getRecipientProfile logger initilaized
2018-08-03 19:27:51,045 	 [INFO | Models.py:52] > receiverHospitalShowProfile logger initialized
2018-08-03 19:27:51,133 	 [DEBUG | Models.py:60] > receiverHospitalShowProfile DBconn closed
2018-08-03 19:27:51,134 	 [INFO | ShowRecipientProfile.py:23] > getRecipientOrgans logger initilaized
2018-08-03 19:27:51,181 	 [INFO | Models.py:77] > receiverHospitalShowOrgan logger initilized
2018-08-03 19:27:51,193 	 [INFO | ShowRecommendedDonors.py:10] > getrecommendedDonorList logger initialized
2018-08-03 19:27:51,251 	 [INFO | Models.py:64] > recommendedDonorList logger initilized
2018-08-03 19:27:51,276 	 [DEBUG | Models.py:71] > recommendedDonorList DBconn closed
2018-08-03 19:27:58,209 	 [INFO | ShowRecipientProfile.py:10] > getRecipientProfile logger initilaized
2018-08-03 19:27:58,210 	 [INFO | Models.py:52] > receiverHospitalShowProfile logger initialized
2018-08-03 19:27:58,254 	 [DEBUG | Models.py:60] > receiverHospitalShowProfile DBconn closed
2018-08-03 19:27:58,255 	 [INFO | ShowRecipientProfile.py:23] > getRecipientOrgans logger initilaized
2018-08-03 19:27:58,281 	 [INFO | Models.py:77] > receiverHospitalShowOrgan logger initilized
2018-08-03 19:27:58,295 	 [INFO | ShowRecommendedDonors.py:10] > getrecommendedDonorList logger initialized
2018-08-03 19:27:58,320 	 [INFO | Models.py:64] > recommendedDonorList logger initilized
2018-08-03 19:27:58,332 	 [DEBUG | Models.py:71] > recommendedDonorList DBconn closed
2018-08-03 19:27:58,403 	 [INFO | NewDonationRequest.py:13] > createDonationRequest logger initilaized
2018-08-03 19:27:58,404 	 [INFO | Models.py:99] > createRequest logger initilaized
2018-08-03 19:27:58,526 	 [INFO | Models.py:104] > createRequest DB connection closed
2018-08-03 19:28:01,191 	 [INFO | HospitalHome.py:11] > getHospitalName logger initilized
2018-08-03 19:28:01,211 	 [INFO | Models.py:46] >  getHospitalName logger intitlized
2018-08-03 19:28:01,223 	 [INFO | Models.py:53] >  getHospitalName DBconn closed
2018-08-03 19:28:01,223 	 [INFO | HospitalRequestList.py:10] > getPendingRequestList logger initilized
2018-08-03 19:28:01,245 	 [INFO | Models.py:155] > getHospitalRequestList called for emailIDiwk@gmail.com!!
2018-08-03 19:28:01,256 	 [INFO | Models.py:161] > Values Fetched Successfully
2018-08-03 19:28:01,275 	 [INFO | Models.py:113] > getHospitalDonorList logger initilized
2018-08-03 19:28:01,288 	 [INFO | HospitalRecipientList.py:10] > getRecipientList logger initilized
2018-08-03 19:28:01,309 	 [INFO | Models.py:134] > getHospitalRecipientList logger initilized
2018-08-03 19:28:05,810 	 [INFO | HospitalHome.py:11] > getHospitalName logger initilized
2018-08-03 19:28:05,838 	 [INFO | Models.py:46] >  getHospitalName logger intitlized
2018-08-03 19:28:05,855 	 [INFO | Models.py:53] >  getHospitalName DBconn closed
2018-08-03 19:28:05,856 	 [INFO | HospitalRequestList.py:10] > getPendingRequestList logger initilized
2018-08-03 19:28:05,885 	 [INFO | Models.py:155] > getHospitalRequestList called for emailIDiwk@gmail.com!!
2018-08-03 19:28:05,902 	 [INFO | Models.py:161] > Values Fetched Successfully
2018-08-03 19:28:05,932 	 [INFO | Models.py:113] > getHospitalDonorList logger initilized
2018-08-03 19:28:05,950 	 [INFO | HospitalRecipientList.py:10] > getRecipientList logger initilized
2018-08-03 19:28:05,978 	 [INFO | Models.py:134] > getHospitalRecipientList logger initilized
2018-08-03 19:28:06,069 	 [INFO | HospitalHome.py:11] > getHospitalName logger initilized
2018-08-03 19:28:06,101 	 [INFO | Models.py:46] >  getHospitalName logger intitlized
2018-08-03 19:28:06,117 	 [INFO | Models.py:53] >  getHospitalName DBconn closed
2018-08-03 19:28:06,118 	 [INFO | RecipientListDetails.py:9] > RecipientListDetails logger initialized
2018-08-03 19:28:06,122 	 [INFO | Models.py:33] > getRecepientList logger initialized
2018-08-03 19:28:06,164 	 [DEBUG | Models.py:40] > getRecepientList DBconn closed
2018-08-03 19:28:08,274 	 [INFO | HospitalHome.py:11] > getHospitalName logger initilized
2018-08-03 19:28:08,298 	 [INFO | Models.py:46] >  getHospitalName logger intitlized
2018-08-03 19:28:08,317 	 [INFO | Models.py:53] >  getHospitalName DBconn closed
2018-08-03 19:28:08,317 	 [INFO | RecipientListDetails.py:9] > RecipientListDetails logger initialized
2018-08-03 19:28:08,318 	 [INFO | Models.py:33] > getRecepientList logger initialized
2018-08-03 19:28:08,346 	 [DEBUG | Models.py:40] > getRecepientList DBconn closed
2018-08-03 19:28:08,668 	 [INFO | ShowRecipientProfile.py:10] > getRecipientProfile logger initilaized
2018-08-03 19:28:08,669 	 [INFO | Models.py:52] > receiverHospitalShowProfile logger initialized
2018-08-03 19:28:08,870 	 [DEBUG | Models.py:60] > receiverHospitalShowProfile DBconn closed
2018-08-03 19:28:08,873 	 [INFO | ShowRecipientProfile.py:23] > getRecipientOrgans logger initilaized
2018-08-03 19:28:09,069 	 [INFO | Models.py:77] > receiverHospitalShowOrgan logger initilized
2018-08-03 19:28:09,109 	 [INFO | ShowRecommendedDonors.py:10] > getrecommendedDonorList logger initialized
2018-08-03 19:28:09,185 	 [INFO | Models.py:64] > recommendedDonorList logger initilized
2018-08-03 19:28:09,211 	 [DEBUG | Models.py:71] > recommendedDonorList DBconn closed
2018-08-03 19:28:09,211 	 [INFO | ShowRecommendedDonors.py:10] > getrecommendedDonorList logger initialized
2018-08-03 19:28:09,289 	 [INFO | Models.py:64] > recommendedDonorList logger initilized
2018-08-03 19:28:09,320 	 [DEBUG | Models.py:71] > recommendedDonorList DBconn closed
2018-08-03 19:28:10,947 	 [INFO | ShowRecipientProfile.py:10] > getRecipientProfile logger initilaized
2018-08-03 19:28:10,949 	 [INFO | Models.py:52] > receiverHospitalShowProfile logger initialized
2018-08-03 19:28:11,002 	 [DEBUG | Models.py:60] > receiverHospitalShowProfile DBconn closed
2018-08-03 19:28:11,004 	 [INFO | ShowRecipientProfile.py:23] > getRecipientOrgans logger initilaized
2018-08-03 19:28:11,026 	 [INFO | Models.py:77] > receiverHospitalShowOrgan logger initilized
2018-08-03 19:28:11,039 	 [INFO | ShowRecommendedDonors.py:10] > getrecommendedDonorList logger initialized
2018-08-03 19:28:11,065 	 [INFO | Models.py:64] > recommendedDonorList logger initilized
2018-08-03 19:28:11,083 	 [DEBUG | Models.py:71] > recommendedDonorList DBconn closed
2018-08-03 19:28:11,083 	 [INFO | ShowRecommendedDonors.py:10] > getrecommendedDonorList logger initialized
2018-08-03 19:28:11,115 	 [INFO | Models.py:64] > recommendedDonorList logger initilized
2018-08-03 19:28:11,128 	 [DEBUG | Models.py:71] > recommendedDonorList DBconn closed
2018-08-03 19:28:11,500 	 [INFO | OpenRequestDetails.py:9] > getOpenRequestData logger initialized
2018-08-03 19:28:11,501 	 [INFO | Models.py:28] > organRequest logger initialized
2018-08-03 19:28:11,559 	 [INFO | Models.py:36] > getOpenRequestData DBconn Closed
2018-08-03 19:28:11,559 	 [INFO | Donor.py:11] > donorHospitalRequestPage logger initialized
2018-08-03 19:28:11,560 	 [INFO | Models.py:11] > donorHospitalShowDonorProfile logger initialized
2018-08-03 19:28:11,737 	 [INFO | Models.py:19] > donorHospitalShowDonorProfile DBconn closed
2018-08-03 19:28:11,737 	 [INFO | Recipient.py:11] > donorHospitalPageRecipientList logger initialized
2018-08-03 19:28:11,767 	 [INFO | Models.py:12] > donorHospitalShowReceiverProfile logger initilized
2018-08-03 19:28:13,477 	 [INFO | OpenRequestDetails.py:9] > getOpenRequestData logger initialized
2018-08-03 19:28:13,477 	 [INFO | Models.py:28] > organRequest logger initialized
2018-08-03 19:28:13,510 	 [INFO | Models.py:36] > getOpenRequestData DBconn Closed
2018-08-03 19:28:13,511 	 [INFO | Donor.py:11] > donorHospitalRequestPage logger initialized
2018-08-03 19:28:13,512 	 [INFO | Models.py:11] > donorHospitalShowDonorProfile logger initialized
2018-08-03 19:28:13,634 	 [INFO | Models.py:19] > donorHospitalShowDonorProfile DBconn closed
2018-08-03 19:28:13,634 	 [INFO | Recipient.py:11] > donorHospitalPageRecipientList logger initialized
2018-08-03 19:28:13,656 	 [INFO | Models.py:12] > donorHospitalShowReceiverProfile logger initilized
2018-08-03 19:28:13,668 	 [INFO | UpdateRequestStatus.py:21] > setRequestsStatus logger initialized
2018-08-03 19:28:13,668 	 [INFO | UpdateRequestStatus.py:30] > Receiver Accepted Request
2018-08-03 19:28:13,670 	 [INFO | Models.py:106] > setRequestsStatus logger initialized
2018-08-03 19:28:13,795 	 [DEBUG | Models.py:111] > setRequestsStatus DBconn closed
2018-08-03 19:28:16,577 	 [INFO | UpdateRequestStatus.py:63] > Receiver Accepted Request mail sent
2018-08-03 19:28:16,922 	 [INFO | ShowRecipientProfile.py:10] > getRecipientProfile logger initilaized
2018-08-03 19:28:16,923 	 [INFO | Models.py:52] > receiverHospitalShowProfile logger initialized
2018-08-03 19:28:16,972 	 [DEBUG | Models.py:60] > receiverHospitalShowProfile DBconn closed
2018-08-03 19:28:16,974 	 [INFO | ShowRecipientProfile.py:23] > getRecipientOrgans logger initilaized
2018-08-03 19:28:17,004 	 [INFO | Models.py:77] > receiverHospitalShowOrgan logger initilized
2018-08-03 19:28:17,023 	 [INFO | ShowRecommendedDonors.py:10] > getrecommendedDonorList logger initialized
2018-08-03 19:28:17,054 	 [INFO | Models.py:64] > recommendedDonorList logger initilized
2018-08-03 19:28:17,072 	 [DEBUG | Models.py:71] > recommendedDonorList DBconn closed
2018-08-03 19:28:17,073 	 [INFO | ShowRecommendedDonors.py:10] > getrecommendedDonorList logger initialized
2018-08-03 19:28:17,105 	 [INFO | Models.py:64] > recommendedDonorList logger initilized
2018-08-03 19:28:17,122 	 [DEBUG | Models.py:71] > recommendedDonorList DBconn closed
2018-08-03 19:29:20,626 	 [DEBUG | Logger.py:31] > Logger generated successfully.
2018-08-03 19:29:20,629 	 [INFO | ShowRecipientProfile.py:10] > getRecipientProfile logger initilaized
2018-08-03 19:29:20,632 	 [INFO | Models.py:52] > receiverHospitalShowProfile logger initialized
2018-08-03 19:29:20,678 	 [DEBUG | Models.py:60] > receiverHospitalShowProfile DBconn closed
2018-08-03 19:29:20,681 	 [INFO | ShowRecipientProfile.py:23] > getRecipientOrgans logger initilaized
2018-08-03 19:29:20,712 	 [INFO | Models.py:77] > receiverHospitalShowOrgan logger initilized
2018-08-03 19:29:20,730 	 [INFO | ShowRecommendedDonors.py:10] > getrecommendedDonorList logger initialized
2018-08-03 19:29:20,766 	 [INFO | Models.py:64] > recommendedDonorList logger initilized
2018-08-03 19:29:20,780 	 [DEBUG | Models.py:71] > recommendedDonorList DBconn closed
2018-08-03 19:29:20,781 	 [INFO | ShowRecommendedDonors.py:10] > getrecommendedDonorList logger initialized
2018-08-03 19:29:20,817 	 [INFO | Models.py:64] > recommendedDonorList logger initilized
2018-08-03 19:29:20,830 	 [DEBUG | Models.py:71] > recommendedDonorList DBconn closed
2018-08-03 19:29:31,155 	 [DEBUG | Logger.py:31] > Logger generated successfully.
2018-08-03 19:34:48,245 	 [DEBUG | Logger.py:31] > Logger generated successfully.
2018-08-03 19:34:59,187 	 [DEBUG | Logger.py:31] > Logger generated successfully.
2018-08-03 19:36:08,465 	 [DEBUG | Logger.py:31] > Logger generated successfully.
2018-08-03 19:36:08,469 	 [INFO | ShowRecipientProfile.py:10] > getRecipientProfile logger initilaized
2018-08-03 19:36:08,471 	 [INFO | Models.py:52] > receiverHospitalShowProfile logger initialized
2018-08-03 19:36:08,521 	 [DEBUG | Models.py:60] > receiverHospitalShowProfile DBconn closed
2018-08-03 19:36:08,523 	 [INFO | ShowRecipientProfile.py:23] > getRecipientOrgans logger initilaized
2018-08-03 19:36:08,554 	 [INFO | Models.py:77] > receiverHospitalShowOrgan logger initilized
2018-08-03 19:36:08,570 	 [INFO | ShowRecommendedDonors.py:10] > getrecommendedDonorList logger initialized
2018-08-03 19:36:08,601 	 [INFO | Models.py:64] > recommendedDonorList logger initilized
2018-08-03 19:36:08,619 	 [DEBUG | Models.py:71] > recommendedDonorList DBconn closed
2018-08-03 19:36:08,620 	 [INFO | ShowRecommendedDonors.py:10] > getrecommendedDonorList logger initialized
2018-08-03 19:36:08,652 	 [INFO | Models.py:64] > recommendedDonorList logger initilized
2018-08-03 19:36:08,670 	 [DEBUG | Models.py:71] > recommendedDonorList DBconn closed
2018-08-03 19:36:10,967 	 [INFO | HospitalHome.py:11] > getHospitalName logger initilized
2018-08-03 19:36:10,988 	 [INFO | Models.py:46] >  getHospitalName logger intitlized
2018-08-03 19:36:11,001 	 [INFO | Models.py:53] >  getHospitalName DBconn closed
2018-08-03 19:36:11,002 	 [INFO | HospitalRequestList.py:10] > getPendingRequestList logger initilized
2018-08-03 19:36:11,022 	 [INFO | Models.py:155] > getHospitalRequestList called for emailIDiwk@gmail.com!!
2018-08-03 19:36:11,033 	 [INFO | Models.py:161] > Values Fetched Successfully
2018-08-03 19:36:11,054 	 [INFO | Models.py:113] > getHospitalDonorList logger initilized
2018-08-03 19:36:11,065 	 [INFO | HospitalRecipientList.py:10] > getRecipientList logger initilized
2018-08-03 19:36:11,089 	 [INFO | Models.py:134] > getHospitalRecipientList logger initilized
2018-08-03 19:36:19,998 	 [INFO | HospitalHome.py:11] > getHospitalName logger initilized
2018-08-03 19:36:20,030 	 [INFO | Models.py:46] >  getHospitalName logger intitlized
2018-08-03 19:36:20,049 	 [INFO | Models.py:53] >  getHospitalName DBconn closed
2018-08-03 19:36:20,050 	 [INFO | HospitalRequestList.py:10] > getPendingRequestList logger initilized
2018-08-03 19:36:20,082 	 [INFO | Models.py:155] > getHospitalRequestList called for emailIDiwk@gmail.com!!
2018-08-03 19:36:20,099 	 [INFO | Models.py:161] > Values Fetched Successfully
2018-08-03 19:36:20,196 	 [INFO | Models.py:113] > getHospitalDonorList logger initilized
2018-08-03 19:36:20,251 	 [INFO | HospitalRecipientList.py:10] > getRecipientList logger initilized
2018-08-03 19:36:20,339 	 [INFO | Models.py:134] > getHospitalRecipientList logger initilized
2018-08-03 19:36:20,466 	 [INFO | OpenRequestDetails.py:9] > getOpenRequestData logger initialized
2018-08-03 19:36:20,467 	 [INFO | Models.py:28] > organRequest logger initialized
2018-08-03 19:36:20,558 	 [INFO | Models.py:36] > getOpenRequestData DBconn Closed
2018-08-03 19:36:20,559 	 [INFO | Donor.py:11] > donorHospitalRequestPage logger initialized
2018-08-03 19:36:20,560 	 [INFO | Models.py:11] > donorHospitalShowDonorProfile logger initialized
2018-08-03 19:36:20,692 	 [INFO | Models.py:19] > donorHospitalShowDonorProfile DBconn closed
2018-08-03 19:36:20,693 	 [INFO | Recipient.py:11] > donorHospitalPageRecipientList logger initialized
2018-08-03 19:36:20,714 	 [INFO | Models.py:12] > donorHospitalShowReceiverProfile logger initilized
2018-08-03 19:36:24,041 	 [INFO | OpenRequestDetails.py:9] > getOpenRequestData logger initialized
2018-08-03 19:36:24,042 	 [INFO | Models.py:28] > organRequest logger initialized
2018-08-03 19:36:24,102 	 [INFO | Models.py:36] > getOpenRequestData DBconn Closed
2018-08-03 19:36:24,103 	 [INFO | Donor.py:11] > donorHospitalRequestPage logger initialized
2018-08-03 19:36:24,105 	 [INFO | Models.py:11] > donorHospitalShowDonorProfile logger initialized
2018-08-03 19:36:24,383 	 [INFO | Models.py:19] > donorHospitalShowDonorProfile DBconn closed
2018-08-03 19:36:24,384 	 [INFO | Recipient.py:11] > donorHospitalPageRecipientList logger initialized
2018-08-03 19:36:24,408 	 [INFO | Models.py:12] > donorHospitalShowReceiverProfile logger initilized
2018-08-03 19:36:24,425 	 [INFO | ViewUserReports.py:11] > viewReports logger initialized
2018-08-03 19:36:24,426 	 [INFO | Models.py:51] > getReports logger initialized
2018-08-03 19:36:24,541 	 [DEBUG | Models.py:59] > getReports DBconn closed
2018-08-03 19:36:26,320 	 [INFO | OpenRequestDetails.py:9] > getOpenRequestData logger initialized
2018-08-03 19:36:26,320 	 [INFO | Models.py:28] > organRequest logger initialized
2018-08-03 19:36:26,454 	 [INFO | Models.py:36] > getOpenRequestData DBconn Closed
2018-08-03 19:36:26,454 	 [INFO | Donor.py:11] > donorHospitalRequestPage logger initialized
2018-08-03 19:36:26,455 	 [INFO | Models.py:11] > donorHospitalShowDonorProfile logger initialized
2018-08-03 19:36:26,841 	 [INFO | Models.py:19] > donorHospitalShowDonorProfile DBconn closed
2018-08-03 19:36:26,842 	 [INFO | Recipient.py:11] > donorHospitalPageRecipientList logger initialized
2018-08-03 19:36:26,887 	 [INFO | Models.py:12] > donorHospitalShowReceiverProfile logger initilized
2018-08-03 19:36:28,386 	 [INFO | OpenRequestDetails.py:9] > getOpenRequestData logger initialized
2018-08-03 19:36:28,387 	 [INFO | Models.py:28] > organRequest logger initialized
2018-08-03 19:36:28,728 	 [INFO | Models.py:36] > getOpenRequestData DBconn Closed
2018-08-03 19:36:28,732 	 [INFO | Donor.py:11] > donorHospitalRequestPage logger initialized
2018-08-03 19:36:28,735 	 [INFO | Models.py:11] > donorHospitalShowDonorProfile logger initialized
2018-08-03 19:36:29,205 	 [INFO | Models.py:19] > donorHospitalShowDonorProfile DBconn closed
2018-08-03 19:36:29,205 	 [INFO | Recipient.py:11] > donorHospitalPageRecipientList logger initialized
2018-08-03 19:36:29,288 	 [INFO | Models.py:12] > donorHospitalShowReceiverProfile logger initilized
2018-08-03 19:36:35,742 	 [INFO | HospitalHome.py:11] > getHospitalName logger initilized
2018-08-03 19:36:35,765 	 [INFO | Models.py:46] >  getHospitalName logger intitlized
2018-08-03 19:36:35,775 	 [INFO | Models.py:53] >  getHospitalName DBconn closed
2018-08-03 19:36:35,775 	 [INFO | HospitalRequestList.py:10] > getPendingRequestList logger initilized
2018-08-03 19:36:35,796 	 [INFO | Models.py:155] > getHospitalRequestList called for emailIDiwk@gmail.com!!
2018-08-03 19:36:35,808 	 [INFO | Models.py:161] > Values Fetched Successfully
2018-08-03 19:36:35,956 	 [INFO | Models.py:113] > getHospitalDonorList logger initilized
2018-08-03 19:36:35,972 	 [INFO | HospitalRecipientList.py:10] > getRecipientList logger initilized
2018-08-03 19:36:36,012 	 [INFO | Models.py:134] > getHospitalRecipientList logger initilized
2018-08-03 19:36:37,893 	 [INFO | HospitalHome.py:11] > getHospitalName logger initilized
2018-08-03 19:36:37,940 	 [INFO | Models.py:46] >  getHospitalName logger intitlized
2018-08-03 19:36:37,966 	 [INFO | Models.py:53] >  getHospitalName DBconn closed
2018-08-03 19:36:37,967 	 [INFO | HospitalRequestList.py:10] > getPendingRequestList logger initilized
2018-08-03 19:36:38,036 	 [INFO | Models.py:155] > getHospitalRequestList called for emailIDiwk@gmail.com!!
2018-08-03 19:36:38,077 	 [INFO | Models.py:161] > Values Fetched Successfully
2018-08-03 19:36:38,101 	 [INFO | Models.py:113] > getHospitalDonorList logger initilized
2018-08-03 19:36:38,113 	 [INFO | HospitalRecipientList.py:10] > getRecipientList logger initilized
2018-08-03 19:36:38,135 	 [INFO | Models.py:134] > getHospitalRecipientList logger initilized
2018-08-03 19:36:38,157 	 [INFO | HospitalHome.py:11] > getHospitalName logger initilized
2018-08-03 19:36:38,184 	 [INFO | Models.py:46] >  getHospitalName logger intitlized
2018-08-03 19:36:38,196 	 [INFO | Models.py:53] >  getHospitalName DBconn closed
2018-08-03 19:36:38,197 	 [INFO | RecipientListDetails.py:9] > RecipientListDetails logger initialized
2018-08-03 19:36:38,198 	 [INFO | Models.py:33] > getRecepientList logger initialized
2018-08-03 19:36:38,240 	 [DEBUG | Models.py:40] > getRecepientList DBconn closed
2018-08-03 19:36:39,675 	 [INFO | HospitalHome.py:11] > getHospitalName logger initilized
2018-08-03 19:36:39,757 	 [INFO | Models.py:46] >  getHospitalName logger intitlized
2018-08-03 19:36:39,816 	 [INFO | Models.py:53] >  getHospitalName DBconn closed
2018-08-03 19:36:39,821 	 [INFO | RecipientListDetails.py:9] > RecipientListDetails logger initialized
2018-08-03 19:36:39,825 	 [INFO | Models.py:33] > getRecepientList logger initialized
2018-08-03 19:36:39,977 	 [DEBUG | Models.py:40] > getRecepientList DBconn closed
2018-08-03 19:36:39,996 	 [INFO | ShowRecipientProfile.py:10] > getRecipientProfile logger initilaized
2018-08-03 19:36:39,998 	 [INFO | Models.py:52] > receiverHospitalShowProfile logger initialized
2018-08-03 19:36:40,073 	 [DEBUG | Models.py:60] > receiverHospitalShowProfile DBconn closed
2018-08-03 19:36:40,074 	 [INFO | ShowRecipientProfile.py:23] > getRecipientOrgans logger initilaized
2018-08-03 19:36:40,100 	 [INFO | Models.py:77] > receiverHospitalShowOrgan logger initilized
2018-08-03 19:36:40,115 	 [INFO | ShowRecommendedDonors.py:10] > getrecommendedDonorList logger initialized
2018-08-03 19:36:40,139 	 [INFO | Models.py:64] > recommendedDonorList logger initilized
2018-08-03 19:36:40,153 	 [DEBUG | Models.py:71] > recommendedDonorList DBconn closed
2018-08-03 19:36:41,933 	 [INFO | ShowRecipientProfile.py:10] > getRecipientProfile logger initilaized
2018-08-03 19:36:41,934 	 [INFO | Models.py:52] > receiverHospitalShowProfile logger initialized
2018-08-03 19:36:41,968 	 [DEBUG | Models.py:60] > receiverHospitalShowProfile DBconn closed
2018-08-03 19:36:41,969 	 [INFO | ShowRecipientProfile.py:23] > getRecipientOrgans logger initilaized
2018-08-03 19:36:41,989 	 [INFO | Models.py:77] > receiverHospitalShowOrgan logger initilized
2018-08-03 19:36:42,000 	 [INFO | ShowRecommendedDonors.py:10] > getrecommendedDonorList logger initialized
2018-08-03 19:36:42,025 	 [INFO | Models.py:64] > recommendedDonorList logger initilized
2018-08-03 19:36:42,038 	 [DEBUG | Models.py:71] > recommendedDonorList DBconn closed
2018-08-03 19:36:42,189 	 [INFO | OpenRequestDetails.py:9] > getOpenRequestData logger initialized
2018-08-03 19:36:42,190 	 [INFO | Models.py:28] > organRequest logger initialized
2018-08-03 19:36:42,230 	 [INFO | Models.py:36] > getOpenRequestData DBconn Closed
2018-08-03 19:36:42,230 	 [INFO | Donor.py:11] > donorHospitalRequestPage logger initialized
2018-08-03 19:36:42,232 	 [INFO | Models.py:11] > donorHospitalShowDonorProfile logger initialized
2018-08-03 19:36:42,380 	 [INFO | Models.py:19] > donorHospitalShowDonorProfile DBconn closed
2018-08-03 19:36:42,381 	 [INFO | Recipient.py:11] > donorHospitalPageRecipientList logger initialized
2018-08-03 19:36:42,400 	 [INFO | Models.py:12] > donorHospitalShowReceiverProfile logger initilized
2018-08-03 19:36:44,068 	 [INFO | HospitalHome.py:11] > getHospitalName logger initilized
2018-08-03 19:36:44,161 	 [INFO | Models.py:46] >  getHospitalName logger intitlized
2018-08-03 19:36:44,211 	 [INFO | Models.py:53] >  getHospitalName DBconn closed
2018-08-03 19:36:44,212 	 [INFO | HospitalRequestList.py:10] > getPendingRequestList logger initilized
2018-08-03 19:36:44,303 	 [INFO | Models.py:155] > getHospitalRequestList called for emailIDiwk@gmail.com!!
2018-08-03 19:36:44,326 	 [INFO | Models.py:161] > Values Fetched Successfully
2018-08-03 19:36:44,403 	 [INFO | Models.py:113] > getHospitalDonorList logger initilized
2018-08-03 19:36:44,431 	 [INFO | HospitalRecipientList.py:10] > getRecipientList logger initilized
2018-08-03 19:36:44,467 	 [INFO | Models.py:134] > getHospitalRecipientList logger initilized
2018-08-03 19:36:46,172 	 [INFO | HospitalHome.py:11] > getHospitalName logger initilized
2018-08-03 19:36:46,278 	 [INFO | Models.py:46] >  getHospitalName logger intitlized
2018-08-03 19:36:46,328 	 [INFO | Models.py:53] >  getHospitalName DBconn closed
2018-08-03 19:36:46,330 	 [INFO | HospitalRequestList.py:10] > getPendingRequestList logger initilized
2018-08-03 19:36:46,418 	 [INFO | Models.py:155] > getHospitalRequestList called for emailIDiwk@gmail.com!!
2018-08-03 19:36:46,494 	 [INFO | Models.py:161] > Values Fetched Successfully
2018-08-03 19:36:46,712 	 [INFO | Models.py:113] > getHospitalDonorList logger initilized
2018-08-03 19:36:46,801 	 [INFO | HospitalRecipientList.py:10] > getRecipientList logger initilized
2018-08-03 19:36:46,945 	 [INFO | Models.py:134] > getHospitalRecipientList logger initilized
2018-08-03 19:36:47,014 	 [INFO | HospitalHome.py:11] > getHospitalName logger initilized
2018-08-03 19:36:47,151 	 [INFO | Models.py:46] >  getHospitalName logger intitlized
2018-08-03 19:36:47,286 	 [INFO | Models.py:53] >  getHospitalName DBconn closed
2018-08-03 19:36:47,287 	 [INFO | HospitalRecipientList.py:10] > getRecipientList logger initilized
2018-08-03 19:36:47,394 	 [INFO | Models.py:134] > getHospitalRecipientList logger initilized
2018-08-03 19:36:48,963 	 [INFO | HospitalHome.py:11] > getHospitalName logger initilized
2018-08-03 19:36:49,018 	 [INFO | Models.py:46] >  getHospitalName logger intitlized
2018-08-03 19:36:49,035 	 [INFO | Models.py:53] >  getHospitalName DBconn closed
2018-08-03 19:36:49,036 	 [INFO | HospitalRecipientList.py:10] > getRecipientList logger initilized
2018-08-03 19:36:49,067 	 [INFO | Models.py:134] > getHospitalRecipientList logger initilized
2018-08-03 19:36:49,085 	 [INFO | Recipient.py:11] > donorHospitalPageRecipientList logger initialized
2018-08-03 19:36:49,113 	 [INFO | Models.py:12] > donorHospitalShowReceiverProfile logger initilized
2018-08-03 19:36:49,134 	 [INFO | ShowRecipientProfile.py:23] > getRecipientOrgans logger initilaized
2018-08-03 19:36:49,163 	 [INFO | Models.py:77] > receiverHospitalShowOrgan logger initilized
2018-08-03 19:36:49,180 	 [INFO | ShowRecommendedDonors.py:10] > getrecommendedDonorList logger initialized
2018-08-03 19:36:49,215 	 [INFO | Models.py:64] > recommendedDonorList logger initilized
2018-08-03 19:36:49,231 	 [DEBUG | Models.py:71] > recommendedDonorList DBconn closed
2018-08-03 19:36:51,759 	 [INFO | HospitalHome.py:11] > getHospitalName logger initilized
2018-08-03 19:36:51,781 	 [INFO | Models.py:46] >  getHospitalName logger intitlized
2018-08-03 19:36:51,795 	 [INFO | Models.py:53] >  getHospitalName DBconn closed
2018-08-03 19:36:51,796 	 [INFO | HospitalRequestList.py:10] > getPendingRequestList logger initilized
2018-08-03 19:36:51,818 	 [INFO | Models.py:155] > getHospitalRequestList called for emailIDiwk@gmail.com!!
2018-08-03 19:36:51,829 	 [INFO | Models.py:161] > Values Fetched Successfully
2018-08-03 19:36:51,848 	 [INFO | Models.py:113] > getHospitalDonorList logger initilized
2018-08-03 19:36:51,859 	 [INFO | HospitalRecipientList.py:10] > getRecipientList logger initilized
2018-08-03 19:36:51,881 	 [INFO | Models.py:134] > getHospitalRecipientList logger initilized
2018-08-03 19:36:55,256 	 [INFO | HospitalHome.py:11] > getHospitalName logger initilized
2018-08-03 19:36:55,288 	 [INFO | Models.py:46] >  getHospitalName logger intitlized
2018-08-03 19:36:55,307 	 [INFO | Models.py:53] >  getHospitalName DBconn closed
2018-08-03 19:36:55,309 	 [INFO | HospitalRequestList.py:10] > getPendingRequestList logger initilized
2018-08-03 19:36:55,338 	 [INFO | Models.py:155] > getHospitalRequestList called for emailIDiwk@gmail.com!!
2018-08-03 19:36:55,355 	 [INFO | Models.py:161] > Values Fetched Successfully
2018-08-03 19:36:55,381 	 [INFO | Models.py:113] > getHospitalDonorList logger initilized
2018-08-03 19:36:55,400 	 [INFO | HospitalRecipientList.py:10] > getRecipientList logger initilized
2018-08-03 19:36:55,423 	 [INFO | Models.py:134] > getHospitalRecipientList logger initilized
2018-08-03 19:36:55,507 	 [INFO | HospitalHome.py:11] > getHospitalName logger initilized
2018-08-03 19:36:55,531 	 [INFO | Models.py:46] >  getHospitalName logger intitlized
2018-08-03 19:36:55,546 	 [INFO | Models.py:53] >  getHospitalName DBconn closed
2018-08-03 19:36:55,547 	 [INFO | DonorListDetails.py:11] > getDonorsList logger initialized
2018-08-03 19:36:55,548 	 [INFO | Models.py:87] > getDonorList logger initialized
2018-08-03 19:36:55,599 	 [DEBUG | Models.py:94] > getDonorList DBconn closed
2018-08-03 19:36:56,601 	 [INFO | HospitalHome.py:11] > getHospitalName logger initilized
2018-08-03 19:36:56,656 	 [INFO | Models.py:46] >  getHospitalName logger intitlized
2018-08-03 19:36:56,667 	 [INFO | Models.py:53] >  getHospitalName DBconn closed
2018-08-03 19:36:56,667 	 [INFO | DonorListDetails.py:11] > getDonorsList logger initialized
2018-08-03 19:36:56,668 	 [INFO | Models.py:87] > getDonorList logger initialized
2018-08-03 19:36:56,739 	 [DEBUG | Models.py:94] > getDonorList DBconn closed
2018-08-03 19:36:57,072 	 [INFO | ShowDonorProfile.py:12] > getDonorProfile logger initilaized
2018-08-03 19:36:57,072 	 [INFO | Models.py:11] > donorHospitalShowDonorProfile logger initialized
2018-08-03 19:36:57,131 	 [INFO | Models.py:19] > donorHospitalShowDonorProfile DBconn closed
2018-08-03 19:36:57,131 	 [INFO | ShowDonorProfile.py:26] > getDonorOrgans logger initilaized
2018-08-03 19:36:57,132 	 [INFO | Models.py:36] > showDonorOrgan logger initialized
2018-08-03 19:36:57,228 	 [INFO | Models.py:46] > showDonorOrgan DBconn closed
2018-08-03 19:36:57,230 	 [INFO | ShowDonorRequestStatus.py:13] > getRequestsStatus logger initialized
2018-08-03 19:36:57,233 	 [INFO | Models.py:123] > getOpenRequestsStatus logger initialized
2018-08-03 19:36:57,310 	 [DEBUG | Models.py:135] > getOpenRequestsStatus DBconn closed
2018-08-03 19:36:58,719 	 [INFO | HospitalHome.py:11] > getHospitalName logger initilized
2018-08-03 19:36:58,740 	 [INFO | Models.py:46] >  getHospitalName logger intitlized
2018-08-03 19:36:58,751 	 [INFO | Models.py:53] >  getHospitalName DBconn closed
2018-08-03 19:36:58,751 	 [INFO | HospitalRequestList.py:10] > getPendingRequestList logger initilized
2018-08-03 19:36:58,780 	 [INFO | Models.py:155] > getHospitalRequestList called for emailIDiwk@gmail.com!!
2018-08-03 19:36:58,791 	 [INFO | Models.py:161] > Values Fetched Successfully
2018-08-03 19:36:58,810 	 [INFO | Models.py:113] > getHospitalDonorList logger initilized
2018-08-03 19:36:58,821 	 [INFO | HospitalRecipientList.py:10] > getRecipientList logger initilized
2018-08-03 19:36:58,841 	 [INFO | Models.py:134] > getHospitalRecipientList logger initilized
2018-08-03 19:41:44,217 	 [DEBUG | Logger.py:31] > Logger generated successfully.
2018-08-03 19:43:37,678 	 [DEBUG | Logger.py:31] > Logger generated successfully.
2018-08-03 19:43:37,682 	 [INFO | HospitalHome.py:11] > getHospitalName logger initilized
2018-08-03 19:43:37,735 	 [INFO | Models.py:46] >  getHospitalName logger intitlized
2018-08-03 19:43:37,766 	 [INFO | Models.py:53] >  getHospitalName DBconn closed
2018-08-03 19:43:37,767 	 [INFO | HospitalRequestList.py:10] > getPendingRequestList logger initilized
2018-08-03 19:43:37,851 	 [INFO | Models.py:155] > getHospitalRequestList called for emailIDiwk@gmail.com!!
2018-08-03 19:43:37,900 	 [INFO | Models.py:161] > Values Fetched Successfully
2018-08-03 19:43:37,999 	 [INFO | Models.py:113] > getHospitalDonorList logger initilized
2018-08-03 19:43:38,060 	 [INFO | HospitalRecipientList.py:10] > getRecipientList logger initilized
2018-08-03 19:43:38,124 	 [INFO | Models.py:134] > getHospitalRecipientList logger initilized
2018-08-03 19:43:44,989 	 [INFO | HospitalHome.py:11] > getHospitalName logger initilized
2018-08-03 19:43:45,011 	 [INFO | Models.py:46] >  getHospitalName logger intitlized
2018-08-03 19:43:45,025 	 [INFO | Models.py:53] >  getHospitalName DBconn closed
2018-08-03 19:43:45,026 	 [INFO | HospitalRequestList.py:10] > getPendingRequestList logger initilized
2018-08-03 19:43:45,049 	 [INFO | Models.py:155] > getHospitalRequestList called for emailIDiwk@gmail.com!!
2018-08-03 19:43:45,060 	 [INFO | Models.py:161] > Values Fetched Successfully
2018-08-03 19:43:45,084 	 [INFO | Models.py:113] > getHospitalDonorList logger initilized
2018-08-03 19:43:45,094 	 [INFO | HospitalRecipientList.py:10] > getRecipientList logger initilized
2018-08-03 19:43:45,129 	 [INFO | Models.py:134] > getHospitalRecipientList logger initilized
2018-08-03 19:43:45,487 	 [INFO | HospitalHome.py:11] > getHospitalName logger initilized
2018-08-03 19:43:45,540 	 [INFO | Models.py:46] >  getHospitalName logger intitlized
2018-08-03 19:43:45,599 	 [INFO | Models.py:53] >  getHospitalName DBconn closed
2018-08-03 19:43:45,600 	 [INFO | DonorListDetails.py:11] > getDonorsList logger initialized
2018-08-03 19:43:45,600 	 [INFO | Models.py:87] > getDonorList logger initialized
2018-08-03 19:43:45,672 	 [DEBUG | Models.py:94] > getDonorList DBconn closed
2018-08-03 19:43:47,789 	 [INFO | HospitalHome.py:11] > getHospitalName logger initilized
2018-08-03 19:43:47,812 	 [INFO | Models.py:46] >  getHospitalName logger intitlized
2018-08-03 19:43:47,823 	 [INFO | Models.py:53] >  getHospitalName DBconn closed
2018-08-03 19:43:47,824 	 [INFO | HospitalRequestList.py:10] > getPendingRequestList logger initilized
2018-08-03 19:43:47,845 	 [INFO | Models.py:155] > getHospitalRequestList called for emailIDiwk@gmail.com!!
2018-08-03 19:43:47,859 	 [INFO | Models.py:161] > Values Fetched Successfully
2018-08-03 19:43:47,889 	 [INFO | Models.py:113] > getHospitalDonorList logger initilized
2018-08-03 19:43:47,904 	 [INFO | HospitalRecipientList.py:10] > getRecipientList logger initilized
2018-08-03 19:43:47,925 	 [INFO | Models.py:134] > getHospitalRecipientList logger initilized
2018-08-03 19:50:04,174 	 [DEBUG | Logger.py:31] > Logger generated successfully.
2018-08-03 19:51:23,089 	 [DEBUG | Logger.py:31] > Logger generated successfully.
2018-08-03 19:52:14,958 	 [DEBUG | Logger.py:31] > Logger generated successfully.
2018-08-03 20:10:47,962 	 [DEBUG | Logger.py:31] > Logger generated successfully.
2018-08-03 20:14:19,970 	 [DEBUG | Logger.py:31] > Logger generated successfully.
2018-08-03 20:18:03,592 	 [DEBUG | Logger.py:31] > Logger generated successfully.
2018-08-03 20:25:09,570 	 [DEBUG | Logger.py:31] > Logger generated successfully.
2018-08-03 20:25:32,599 	 [DEBUG | Logger.py:31] > Logger generated successfully.
2018-08-03 20:48:42,762 	 [DEBUG | Logger.py:31] > Logger generated successfully.
2018-08-03 20:49:23,110 	 [DEBUG | Logger.py:31] > Logger generated successfully.
2018-08-03 20:50:23,416 	 [DEBUG | Logger.py:31] > Logger generated successfully.
2018-08-03 20:55:52,619 	 [DEBUG | Logger.py:31] > Logger generated successfully.
2018-08-03 20:56:43,436 	 [DEBUG | Logger.py:31] > Logger generated successfully.
2018-08-03 20:57:07,541 	 [DEBUG | Logger.py:31] > Logger generated successfully.
2018-08-03 21:00:35,848 	 [DEBUG | Logger.py:31] > Logger generated successfully.
2018-08-03 21:00:40,421 	 [DEBUG | Logger.py:31] > Logger generated successfully.
2018-08-03 21:01:53,528 	 [DEBUG | Logger.py:31] > Logger generated successfully.
2018-08-03 21:39:53,969 	 [DEBUG | Logger.py:31] > Logger generated successfully.
2018-08-03 22:12:39,579 	 [DEBUG | Logger.py:31] > Logger generated successfully.
2018-08-03 23:04:50,714 	 [DEBUG | Logger.py:31] > Logger generated successfully.
2018-08-03 23:05:32,896 	 [DEBUG | Logger.py:31] > Logger generated successfully.
2018-08-03 23:12:06,673 	 [DEBUG | Logger.py:31] > Logger generated successfully.
2018-08-03 23:13:01,113 	 [DEBUG | Logger.py:31] > Logger generated successfully.
2018-08-03 23:16:08,493 	 [DEBUG | Logger.py:31] > Logger generated successfully.
2018-08-03 23:25:39,444 	 [DEBUG | Logger.py:31] > Logger generated successfully.
2018-08-03 23:27:43,979 	 [DEBUG | Logger.py:31] > Logger generated successfully.
2018-08-03 23:28:14,560 	 [DEBUG | Logger.py:31] > Logger generated successfully.
2018-08-03 23:41:28,503 	 [DEBUG | Logger.py:31] > Logger generated successfully.
2018-08-03 23:49:45,605 	 [DEBUG | Logger.py:31] > Logger generated successfully.
